CRITICAL - 2024-05-18 00:17:52 --> ErrorException: Trying to access array offset on value of type null
in APPPATH\Views\books\detail.php on line 11.
 1 APPPATH\Views\books\detail.php(11): CodeIgniter\Debug\Exceptions->errorHandler(2, 'Trying to access array offset on value of type null', 'C:\\Users\\PC\\Semester-4\\Tugas 2\\ci4 news\\app\\Views\\books\\detail.php', 11)
 2 SYSTEMPATH\View\View.php(228): include('C:\\Users\\PC\\Semester-4\\Tugas 2\\ci4 news\\app\\Views\\books\\detail.php')
 3 SYSTEMPATH\View\View.php(231): CodeIgniter\View\View->CodeIgniter\View\{closure}()
 4 SYSTEMPATH\Common.php(1178): CodeIgniter\View\View->render('books/detail', [], true)
 5 APPPATH\Controllers\Books.php(34): view('books/detail', [...])
 6 SYSTEMPATH\CodeIgniter.php(941): App\Controllers\Books->detail('index')
 7 SYSTEMPATH\CodeIgniter.php(502): CodeIgniter\CodeIgniter->runController(Object(App\Controllers\Books))
 8 SYSTEMPATH\CodeIgniter.php(361): CodeIgniter\CodeIgniter->handleRequest(null, Object(Config\Cache), false)
 9 FCPATH\index.php(79): CodeIgniter\CodeIgniter->run()
10 SYSTEMPATH\Commands\Server\rewrite.php(47): require_once('C:\\Users\\PC\\Semester-4\\Tugas 2\\ci4 news\\public\\index.php')
CRITICAL - 2024-05-18 00:23:04 --> ErrorException: Trying to access array offset on value of type null
in APPPATH\Views\books\detail.php on line 11.
 1 APPPATH\Views\books\detail.php(11): CodeIgniter\Debug\Exceptions->errorHandler(2, 'Trying to access array offset on value of type null', 'C:\\Users\\PC\\Semester-4\\Tugas 2\\ci4 news\\app\\Views\\books\\detail.php', 11)
 2 SYSTEMPATH\View\View.php(228): include('C:\\Users\\PC\\Semester-4\\Tugas 2\\ci4 news\\app\\Views\\books\\detail.php')
 3 SYSTEMPATH\View\View.php(231): CodeIgniter\View\View->CodeIgniter\View\{closure}()
 4 SYSTEMPATH\Common.php(1178): CodeIgniter\View\View->render('books/detail', [], true)
 5 APPPATH\Controllers\Books.php(34): view('books/detail', [...])
 6 SYSTEMPATH\CodeIgniter.php(941): App\Controllers\Books->detail('index')
 7 SYSTEMPATH\CodeIgniter.php(502): CodeIgniter\CodeIgniter->runController(Object(App\Controllers\Books))
 8 SYSTEMPATH\CodeIgniter.php(361): CodeIgniter\CodeIgniter->handleRequest(null, Object(Config\Cache), false)
 9 FCPATH\index.php(79): CodeIgniter\CodeIgniter->run()
10 SYSTEMPATH\Commands\Server\rewrite.php(47): require_once('C:\\Users\\PC\\Semester-4\\Tugas 2\\ci4 news\\public\\index.php')
CRITICAL - 2024-05-18 00:23:44 --> ErrorException: Trying to access array offset on value of type null
in APPPATH\Views\books\detail.php on line 11.
 1 APPPATH\Views\books\detail.php(11): CodeIgniter\Debug\Exceptions->errorHandler(2, 'Trying to access array offset on value of type null', 'C:\\Users\\PC\\Semester-4\\Tugas 2\\ci4 news\\app\\Views\\books\\detail.php', 11)
 2 SYSTEMPATH\View\View.php(228): include('C:\\Users\\PC\\Semester-4\\Tugas 2\\ci4 news\\app\\Views\\books\\detail.php')
 3 SYSTEMPATH\View\View.php(231): CodeIgniter\View\View->CodeIgniter\View\{closure}()
 4 SYSTEMPATH\Common.php(1178): CodeIgniter\View\View->render('books/detail', [], true)
 5 APPPATH\Controllers\Books.php(34): view('books/detail', [...])
 6 SYSTEMPATH\CodeIgniter.php(941): App\Controllers\Books->detail('index')
 7 SYSTEMPATH\CodeIgniter.php(502): CodeIgniter\CodeIgniter->runController(Object(App\Controllers\Books))
 8 SYSTEMPATH\CodeIgniter.php(361): CodeIgniter\CodeIgniter->handleRequest(null, Object(Config\Cache), false)
 9 FCPATH\index.php(79): CodeIgniter\CodeIgniter->run()
10 SYSTEMPATH\Commands\Server\rewrite.php(47): require_once('C:\\Users\\PC\\Semester-4\\Tugas 2\\ci4 news\\public\\index.php')
CRITICAL - 2024-05-18 00:23:46 --> ErrorException: Trying to access array offset on value of type null
in APPPATH\Views\books\detail.php on line 11.
 1 APPPATH\Views\books\detail.php(11): CodeIgniter\Debug\Exceptions->errorHandler(2, 'Trying to access array offset on value of type null', 'C:\\Users\\PC\\Semester-4\\Tugas 2\\ci4 news\\app\\Views\\books\\detail.php', 11)
 2 SYSTEMPATH\View\View.php(228): include('C:\\Users\\PC\\Semester-4\\Tugas 2\\ci4 news\\app\\Views\\books\\detail.php')
 3 SYSTEMPATH\View\View.php(231): CodeIgniter\View\View->CodeIgniter\View\{closure}()
 4 SYSTEMPATH\Common.php(1178): CodeIgniter\View\View->render('books/detail', [], true)
 5 APPPATH\Controllers\Books.php(34): view('books/detail', [...])
 6 SYSTEMPATH\CodeIgniter.php(941): App\Controllers\Books->detail('index')
 7 SYSTEMPATH\CodeIgniter.php(502): CodeIgniter\CodeIgniter->runController(Object(App\Controllers\Books))
 8 SYSTEMPATH\CodeIgniter.php(361): CodeIgniter\CodeIgniter->handleRequest(null, Object(Config\Cache), false)
 9 FCPATH\index.php(79): CodeIgniter\CodeIgniter->run()
10 SYSTEMPATH\Commands\Server\rewrite.php(47): require_once('C:\\Users\\PC\\Semester-4\\Tugas 2\\ci4 news\\public\\index.php')
CRITICAL - 2024-05-18 00:23:47 --> ErrorException: Trying to access array offset on value of type null
in APPPATH\Views\books\detail.php on line 11.
 1 APPPATH\Views\books\detail.php(11): CodeIgniter\Debug\Exceptions->errorHandler(2, 'Trying to access array offset on value of type null', 'C:\\Users\\PC\\Semester-4\\Tugas 2\\ci4 news\\app\\Views\\books\\detail.php', 11)
 2 SYSTEMPATH\View\View.php(228): include('C:\\Users\\PC\\Semester-4\\Tugas 2\\ci4 news\\app\\Views\\books\\detail.php')
 3 SYSTEMPATH\View\View.php(231): CodeIgniter\View\View->CodeIgniter\View\{closure}()
 4 SYSTEMPATH\Common.php(1178): CodeIgniter\View\View->render('books/detail', [], true)
 5 APPPATH\Controllers\Books.php(34): view('books/detail', [...])
 6 SYSTEMPATH\CodeIgniter.php(941): App\Controllers\Books->detail('index')
 7 SYSTEMPATH\CodeIgniter.php(502): CodeIgniter\CodeIgniter->runController(Object(App\Controllers\Books))
 8 SYSTEMPATH\CodeIgniter.php(361): CodeIgniter\CodeIgniter->handleRequest(null, Object(Config\Cache), false)
 9 FCPATH\index.php(79): CodeIgniter\CodeIgniter->run()
10 SYSTEMPATH\Commands\Server\rewrite.php(47): require_once('C:\\Users\\PC\\Semester-4\\Tugas 2\\ci4 news\\public\\index.php')
CRITICAL - 2024-05-18 00:23:47 --> ErrorException: Trying to access array offset on value of type null
in APPPATH\Views\books\detail.php on line 11.
 1 APPPATH\Views\books\detail.php(11): CodeIgniter\Debug\Exceptions->errorHandler(2, 'Trying to access array offset on value of type null', 'C:\\Users\\PC\\Semester-4\\Tugas 2\\ci4 news\\app\\Views\\books\\detail.php', 11)
 2 SYSTEMPATH\View\View.php(228): include('C:\\Users\\PC\\Semester-4\\Tugas 2\\ci4 news\\app\\Views\\books\\detail.php')
 3 SYSTEMPATH\View\View.php(231): CodeIgniter\View\View->CodeIgniter\View\{closure}()
 4 SYSTEMPATH\Common.php(1178): CodeIgniter\View\View->render('books/detail', [], true)
 5 APPPATH\Controllers\Books.php(34): view('books/detail', [...])
 6 SYSTEMPATH\CodeIgniter.php(941): App\Controllers\Books->detail('index')
 7 SYSTEMPATH\CodeIgniter.php(502): CodeIgniter\CodeIgniter->runController(Object(App\Controllers\Books))
 8 SYSTEMPATH\CodeIgniter.php(361): CodeIgniter\CodeIgniter->handleRequest(null, Object(Config\Cache), false)
 9 FCPATH\index.php(79): CodeIgniter\CodeIgniter->run()
10 SYSTEMPATH\Commands\Server\rewrite.php(47): require_once('C:\\Users\\PC\\Semester-4\\Tugas 2\\ci4 news\\public\\index.php')
CRITICAL - 2024-05-18 00:23:47 --> ErrorException: Trying to access array offset on value of type null
in APPPATH\Views\books\detail.php on line 11.
 1 APPPATH\Views\books\detail.php(11): CodeIgniter\Debug\Exceptions->errorHandler(2, 'Trying to access array offset on value of type null', 'C:\\Users\\PC\\Semester-4\\Tugas 2\\ci4 news\\app\\Views\\books\\detail.php', 11)
 2 SYSTEMPATH\View\View.php(228): include('C:\\Users\\PC\\Semester-4\\Tugas 2\\ci4 news\\app\\Views\\books\\detail.php')
 3 SYSTEMPATH\View\View.php(231): CodeIgniter\View\View->CodeIgniter\View\{closure}()
 4 SYSTEMPATH\Common.php(1178): CodeIgniter\View\View->render('books/detail', [], true)
 5 APPPATH\Controllers\Books.php(34): view('books/detail', [...])
 6 SYSTEMPATH\CodeIgniter.php(941): App\Controllers\Books->detail('index')
 7 SYSTEMPATH\CodeIgniter.php(502): CodeIgniter\CodeIgniter->runController(Object(App\Controllers\Books))
 8 SYSTEMPATH\CodeIgniter.php(361): CodeIgniter\CodeIgniter->handleRequest(null, Object(Config\Cache), false)
 9 FCPATH\index.php(79): CodeIgniter\CodeIgniter->run()
10 SYSTEMPATH\Commands\Server\rewrite.php(47): require_once('C:\\Users\\PC\\Semester-4\\Tugas 2\\ci4 news\\public\\index.php')
CRITICAL - 2024-05-18 00:25:15 --> ErrorException: Trying to access array offset on value of type null
in APPPATH\Views\books\detail.php on line 11.
 1 APPPATH\Views\books\detail.php(11): CodeIgniter\Debug\Exceptions->errorHandler(2, 'Trying to access array offset on value of type null', 'C:\\Users\\PC\\Semester-4\\Tugas 2\\ci4 news\\app\\Views\\books\\detail.php', 11)
 2 SYSTEMPATH\View\View.php(228): include('C:\\Users\\PC\\Semester-4\\Tugas 2\\ci4 news\\app\\Views\\books\\detail.php')
 3 SYSTEMPATH\View\View.php(231): CodeIgniter\View\View->CodeIgniter\View\{closure}()
 4 SYSTEMPATH\Common.php(1178): CodeIgniter\View\View->render('books/detail', [], true)
 5 APPPATH\Controllers\Books.php(34): view('books/detail', [...])
 6 SYSTEMPATH\CodeIgniter.php(941): App\Controllers\Books->detail('index')
 7 SYSTEMPATH\CodeIgniter.php(502): CodeIgniter\CodeIgniter->runController(Object(App\Controllers\Books))
 8 SYSTEMPATH\CodeIgniter.php(361): CodeIgniter\CodeIgniter->handleRequest(null, Object(Config\Cache), false)
 9 FCPATH\index.php(79): CodeIgniter\CodeIgniter->run()
10 SYSTEMPATH\Commands\Server\rewrite.php(47): require_once('C:\\Users\\PC\\Semester-4\\Tugas 2\\ci4 news\\public\\index.php')
CRITICAL - 2024-05-18 00:39:41 --> ErrorException: Trying to access array offset on value of type null
in APPPATH\Views\books\detail.php on line 11.
 1 APPPATH\Views\books\detail.php(11): CodeIgniter\Debug\Exceptions->errorHandler(2, 'Trying to access array offset on value of type null', 'C:\\Users\\PC\\Semester-4\\Tugas 2\\ci4 news\\app\\Views\\books\\detail.php', 11)
 2 SYSTEMPATH\View\View.php(228): include('C:\\Users\\PC\\Semester-4\\Tugas 2\\ci4 news\\app\\Views\\books\\detail.php')
 3 SYSTEMPATH\View\View.php(231): CodeIgniter\View\View->CodeIgniter\View\{closure}()
 4 SYSTEMPATH\Common.php(1178): CodeIgniter\View\View->render('books/detail', [], true)
 5 APPPATH\Controllers\Books.php(34): view('books/detail', [...])
 6 SYSTEMPATH\CodeIgniter.php(941): App\Controllers\Books->detail('index')
 7 SYSTEMPATH\CodeIgniter.php(502): CodeIgniter\CodeIgniter->runController(Object(App\Controllers\Books))
 8 SYSTEMPATH\CodeIgniter.php(361): CodeIgniter\CodeIgniter->handleRequest(null, Object(Config\Cache), false)
 9 FCPATH\index.php(79): CodeIgniter\CodeIgniter->run()
10 SYSTEMPATH\Commands\Server\rewrite.php(47): require_once('C:\\Users\\PC\\Semester-4\\Tugas 2\\ci4 news\\public\\index.php')
CRITICAL - 2024-05-18 00:39:43 --> ErrorException: Trying to access array offset on value of type null
in APPPATH\Views\books\detail.php on line 11.
 1 APPPATH\Views\books\detail.php(11): CodeIgniter\Debug\Exceptions->errorHandler(2, 'Trying to access array offset on value of type null', 'C:\\Users\\PC\\Semester-4\\Tugas 2\\ci4 news\\app\\Views\\books\\detail.php', 11)
 2 SYSTEMPATH\View\View.php(228): include('C:\\Users\\PC\\Semester-4\\Tugas 2\\ci4 news\\app\\Views\\books\\detail.php')
 3 SYSTEMPATH\View\View.php(231): CodeIgniter\View\View->CodeIgniter\View\{closure}()
 4 SYSTEMPATH\Common.php(1178): CodeIgniter\View\View->render('books/detail', [], true)
 5 APPPATH\Controllers\Books.php(34): view('books/detail', [...])
 6 SYSTEMPATH\CodeIgniter.php(941): App\Controllers\Books->detail('index')
 7 SYSTEMPATH\CodeIgniter.php(502): CodeIgniter\CodeIgniter->runController(Object(App\Controllers\Books))
 8 SYSTEMPATH\CodeIgniter.php(361): CodeIgniter\CodeIgniter->handleRequest(null, Object(Config\Cache), false)
 9 FCPATH\index.php(79): CodeIgniter\CodeIgniter->run()
10 SYSTEMPATH\Commands\Server\rewrite.php(47): require_once('C:\\Users\\PC\\Semester-4\\Tugas 2\\ci4 news\\public\\index.php')
CRITICAL - 2024-05-18 00:39:44 --> ErrorException: Trying to access array offset on value of type null
in APPPATH\Views\books\detail.php on line 11.
 1 APPPATH\Views\books\detail.php(11): CodeIgniter\Debug\Exceptions->errorHandler(2, 'Trying to access array offset on value of type null', 'C:\\Users\\PC\\Semester-4\\Tugas 2\\ci4 news\\app\\Views\\books\\detail.php', 11)
 2 SYSTEMPATH\View\View.php(228): include('C:\\Users\\PC\\Semester-4\\Tugas 2\\ci4 news\\app\\Views\\books\\detail.php')
 3 SYSTEMPATH\View\View.php(231): CodeIgniter\View\View->CodeIgniter\View\{closure}()
 4 SYSTEMPATH\Common.php(1178): CodeIgniter\View\View->render('books/detail', [], true)
 5 APPPATH\Controllers\Books.php(34): view('books/detail', [...])
 6 SYSTEMPATH\CodeIgniter.php(941): App\Controllers\Books->detail('index')
 7 SYSTEMPATH\CodeIgniter.php(502): CodeIgniter\CodeIgniter->runController(Object(App\Controllers\Books))
 8 SYSTEMPATH\CodeIgniter.php(361): CodeIgniter\CodeIgniter->handleRequest(null, Object(Config\Cache), false)
 9 FCPATH\index.php(79): CodeIgniter\CodeIgniter->run()
10 SYSTEMPATH\Commands\Server\rewrite.php(47): require_once('C:\\Users\\PC\\Semester-4\\Tugas 2\\ci4 news\\public\\index.php')
CRITICAL - 2024-05-18 00:44:46 --> ErrorException: Trying to access array offset on value of type null
in APPPATH\Views\books\detail.php on line 11.
 1 APPPATH\Views\books\detail.php(11): CodeIgniter\Debug\Exceptions->errorHandler(2, 'Trying to access array offset on value of type null', 'C:\\Users\\PC\\Semester-4\\Tugas 2\\ci4 news\\app\\Views\\books\\detail.php', 11)
 2 SYSTEMPATH\View\View.php(228): include('C:\\Users\\PC\\Semester-4\\Tugas 2\\ci4 news\\app\\Views\\books\\detail.php')
 3 SYSTEMPATH\View\View.php(231): CodeIgniter\View\View->CodeIgniter\View\{closure}()
 4 SYSTEMPATH\Common.php(1178): CodeIgniter\View\View->render('books/detail', [], true)
 5 APPPATH\Controllers\Books.php(34): view('books/detail', [...])
 6 SYSTEMPATH\CodeIgniter.php(941): App\Controllers\Books->detail('index')
 7 SYSTEMPATH\CodeIgniter.php(502): CodeIgniter\CodeIgniter->runController(Object(App\Controllers\Books))
 8 SYSTEMPATH\CodeIgniter.php(361): CodeIgniter\CodeIgniter->handleRequest(null, Object(Config\Cache), false)
 9 FCPATH\index.php(79): CodeIgniter\CodeIgniter->run()
10 SYSTEMPATH\Commands\Server\rewrite.php(47): require_once('C:\\Users\\PC\\Semester-4\\Tugas 2\\ci4 news\\public\\index.php')
CRITICAL - 2024-05-18 00:44:47 --> ErrorException: Trying to access array offset on value of type null
in APPPATH\Views\books\detail.php on line 11.
 1 APPPATH\Views\books\detail.php(11): CodeIgniter\Debug\Exceptions->errorHandler(2, 'Trying to access array offset on value of type null', 'C:\\Users\\PC\\Semester-4\\Tugas 2\\ci4 news\\app\\Views\\books\\detail.php', 11)
 2 SYSTEMPATH\View\View.php(228): include('C:\\Users\\PC\\Semester-4\\Tugas 2\\ci4 news\\app\\Views\\books\\detail.php')
 3 SYSTEMPATH\View\View.php(231): CodeIgniter\View\View->CodeIgniter\View\{closure}()
 4 SYSTEMPATH\Common.php(1178): CodeIgniter\View\View->render('books/detail', [], true)
 5 APPPATH\Controllers\Books.php(34): view('books/detail', [...])
 6 SYSTEMPATH\CodeIgniter.php(941): App\Controllers\Books->detail('index')
 7 SYSTEMPATH\CodeIgniter.php(502): CodeIgniter\CodeIgniter->runController(Object(App\Controllers\Books))
 8 SYSTEMPATH\CodeIgniter.php(361): CodeIgniter\CodeIgniter->handleRequest(null, Object(Config\Cache), false)
 9 FCPATH\index.php(79): CodeIgniter\CodeIgniter->run()
10 SYSTEMPATH\Commands\Server\rewrite.php(47): require_once('C:\\Users\\PC\\Semester-4\\Tugas 2\\ci4 news\\public\\index.php')
CRITICAL - 2024-05-18 00:44:48 --> ErrorException: Trying to access array offset on value of type null
in APPPATH\Views\books\detail.php on line 11.
 1 APPPATH\Views\books\detail.php(11): CodeIgniter\Debug\Exceptions->errorHandler(2, 'Trying to access array offset on value of type null', 'C:\\Users\\PC\\Semester-4\\Tugas 2\\ci4 news\\app\\Views\\books\\detail.php', 11)
 2 SYSTEMPATH\View\View.php(228): include('C:\\Users\\PC\\Semester-4\\Tugas 2\\ci4 news\\app\\Views\\books\\detail.php')
 3 SYSTEMPATH\View\View.php(231): CodeIgniter\View\View->CodeIgniter\View\{closure}()
 4 SYSTEMPATH\Common.php(1178): CodeIgniter\View\View->render('books/detail', [], true)
 5 APPPATH\Controllers\Books.php(34): view('books/detail', [...])
 6 SYSTEMPATH\CodeIgniter.php(941): App\Controllers\Books->detail('index')
 7 SYSTEMPATH\CodeIgniter.php(502): CodeIgniter\CodeIgniter->runController(Object(App\Controllers\Books))
 8 SYSTEMPATH\CodeIgniter.php(361): CodeIgniter\CodeIgniter->handleRequest(null, Object(Config\Cache), false)
 9 FCPATH\index.php(79): CodeIgniter\CodeIgniter->run()
10 SYSTEMPATH\Commands\Server\rewrite.php(47): require_once('C:\\Users\\PC\\Semester-4\\Tugas 2\\ci4 news\\public\\index.php')
CRITICAL - 2024-05-18 00:44:49 --> ErrorException: Trying to access array offset on value of type null
in APPPATH\Views\books\detail.php on line 11.
 1 APPPATH\Views\books\detail.php(11): CodeIgniter\Debug\Exceptions->errorHandler(2, 'Trying to access array offset on value of type null', 'C:\\Users\\PC\\Semester-4\\Tugas 2\\ci4 news\\app\\Views\\books\\detail.php', 11)
 2 SYSTEMPATH\View\View.php(228): include('C:\\Users\\PC\\Semester-4\\Tugas 2\\ci4 news\\app\\Views\\books\\detail.php')
 3 SYSTEMPATH\View\View.php(231): CodeIgniter\View\View->CodeIgniter\View\{closure}()
 4 SYSTEMPATH\Common.php(1178): CodeIgniter\View\View->render('books/detail', [], true)
 5 APPPATH\Controllers\Books.php(34): view('books/detail', [...])
 6 SYSTEMPATH\CodeIgniter.php(941): App\Controllers\Books->detail('index')
 7 SYSTEMPATH\CodeIgniter.php(502): CodeIgniter\CodeIgniter->runController(Object(App\Controllers\Books))
 8 SYSTEMPATH\CodeIgniter.php(361): CodeIgniter\CodeIgniter->handleRequest(null, Object(Config\Cache), false)
 9 FCPATH\index.php(79): CodeIgniter\CodeIgniter->run()
10 SYSTEMPATH\Commands\Server\rewrite.php(47): require_once('C:\\Users\\PC\\Semester-4\\Tugas 2\\ci4 news\\public\\index.php')
CRITICAL - 2024-05-18 00:46:27 --> ErrorException: Trying to access array offset on value of type null
in APPPATH\Views\books\detail.php on line 11.
 1 APPPATH\Views\books\detail.php(11): CodeIgniter\Debug\Exceptions->errorHandler(2, 'Trying to access array offset on value of type null', 'C:\\Users\\PC\\Semester-4\\Tugas 2\\ci4 news\\app\\Views\\books\\detail.php', 11)
 2 SYSTEMPATH\View\View.php(228): include('C:\\Users\\PC\\Semester-4\\Tugas 2\\ci4 news\\app\\Views\\books\\detail.php')
 3 SYSTEMPATH\View\View.php(231): CodeIgniter\View\View->CodeIgniter\View\{closure}()
 4 SYSTEMPATH\Common.php(1178): CodeIgniter\View\View->render('books/detail', [], true)
 5 APPPATH\Controllers\Books.php(34): view('books/detail', [...])
 6 SYSTEMPATH\CodeIgniter.php(941): App\Controllers\Books->detail('index')
 7 SYSTEMPATH\CodeIgniter.php(502): CodeIgniter\CodeIgniter->runController(Object(App\Controllers\Books))
 8 SYSTEMPATH\CodeIgniter.php(361): CodeIgniter\CodeIgniter->handleRequest(null, Object(Config\Cache), false)
 9 FCPATH\index.php(79): CodeIgniter\CodeIgniter->run()
10 SYSTEMPATH\Commands\Server\rewrite.php(47): require_once('C:\\Users\\PC\\Semester-4\\Tugas 2\\ci4 news\\public\\index.php')
CRITICAL - 2024-05-18 00:46:29 --> ErrorException: Trying to access array offset on value of type null
in APPPATH\Views\books\detail.php on line 11.
 1 APPPATH\Views\books\detail.php(11): CodeIgniter\Debug\Exceptions->errorHandler(2, 'Trying to access array offset on value of type null', 'C:\\Users\\PC\\Semester-4\\Tugas 2\\ci4 news\\app\\Views\\books\\detail.php', 11)
 2 SYSTEMPATH\View\View.php(228): include('C:\\Users\\PC\\Semester-4\\Tugas 2\\ci4 news\\app\\Views\\books\\detail.php')
 3 SYSTEMPATH\View\View.php(231): CodeIgniter\View\View->CodeIgniter\View\{closure}()
 4 SYSTEMPATH\Common.php(1178): CodeIgniter\View\View->render('books/detail', [], true)
 5 APPPATH\Controllers\Books.php(34): view('books/detail', [...])
 6 SYSTEMPATH\CodeIgniter.php(941): App\Controllers\Books->detail('index')
 7 SYSTEMPATH\CodeIgniter.php(502): CodeIgniter\CodeIgniter->runController(Object(App\Controllers\Books))
 8 SYSTEMPATH\CodeIgniter.php(361): CodeIgniter\CodeIgniter->handleRequest(null, Object(Config\Cache), false)
 9 FCPATH\index.php(79): CodeIgniter\CodeIgniter->run()
10 SYSTEMPATH\Commands\Server\rewrite.php(47): require_once('C:\\Users\\PC\\Semester-4\\Tugas 2\\ci4 news\\public\\index.php')
INFO - 2024-05-18 00:54:13 --> Session: Class initialized using 'CodeIgniter\Session\Handlers\FileHandler' driver.
INFO - 2024-05-18 00:54:33 --> Session: Class initialized using 'CodeIgniter\Session\Handlers\FileHandler' driver.
INFO - 2024-05-18 00:54:58 --> Session: Class initialized using 'CodeIgniter\Session\Handlers\FileHandler' driver.
INFO - 2024-05-18 00:55:35 --> Session: Class initialized using 'CodeIgniter\Session\Handlers\FileHandler' driver.
INFO - 2024-05-18 00:55:44 --> Session: Class initialized using 'CodeIgniter\Session\Handlers\FileHandler' driver.
INFO - 2024-05-18 01:01:11 --> Session: Class initialized using 'CodeIgniter\Session\Handlers\FileHandler' driver.
INFO - 2024-05-18 01:01:19 --> Session: Class initialized using 'CodeIgniter\Session\Handlers\FileHandler' driver.
INFO - 2024-05-18 01:03:50 --> Session: Class initialized using 'CodeIgniter\Session\Handlers\FileHandler' driver.
INFO - 2024-05-18 01:06:39 --> Session: Class initialized using 'CodeIgniter\Session\Handlers\FileHandler' driver.
INFO - 2024-05-18 01:07:18 --> Session: Class initialized using 'CodeIgniter\Session\Handlers\FileHandler' driver.
INFO - 2024-05-18 01:09:09 --> Session: Class initialized using 'CodeIgniter\Session\Handlers\FileHandler' driver.
INFO - 2024-05-18 11:57:58 --> Session: Class initialized using 'CodeIgniter\Session\Handlers\FileHandler' driver.
INFO - 2024-05-18 11:59:04 --> Session: Class initialized using 'CodeIgniter\Session\Handlers\FileHandler' driver.
INFO - 2024-05-18 11:59:24 --> Session: Class initialized using 'CodeIgniter\Session\Handlers\FileHandler' driver.
INFO - 2024-05-18 12:03:45 --> Session: Class initialized using 'CodeIgniter\Session\Handlers\FileHandler' driver.
