ERROR - 2024-03-31 11:36:38 --> Error connecting to the database: mysqli_sql_exception: No connection could be made because the target machine actively refused it in C:\Users\user\Semester-4\Tugas 2\ci4 news\system\Database\MySQLi\Connection.php:185
Stack trace:
#0 C:\Users\user\Semester-4\Tugas 2\ci4 news\system\Database\MySQLi\Connection.php(185): mysqli->real_connect('127.0.0.1', 'root', '', 'ci4', 3306, '', 0)
#1 C:\Users\user\Semester-4\Tugas 2\ci4 news\system\Database\BaseConnection.php(392): CodeIgniter\Database\MySQLi\Connection->connect(false)
#2 C:\Users\user\Semester-4\Tugas 2\ci4 news\system\Database\BaseConnection.php(575): CodeIgniter\Database\BaseConnection->initialize()
#3 C:\Users\user\Semester-4\Tugas 2\ci4 news\system\Database\BaseBuilder.php(1616): CodeIgniter\Database\BaseConnection->query('SELECT *\nFROM `...', Array, false)
#4 C:\Users\user\Semester-4\Tugas 2\ci4 news\system\Model.php(242): CodeIgniter\Database\BaseBuilder->get()
#5 C:\Users\user\Semester-4\Tugas 2\ci4 news\system\BaseModel.php(638): CodeIgniter\Model->doFindAll(0, 0)
#6 C:\Users\user\Semester-4\Tugas 2\ci4 news\app\Controllers\Books.php(17): CodeIgniter\BaseModel->findAll()
#7 C:\Users\user\Semester-4\Tugas 2\ci4 news\system\CodeIgniter.php(941): App\Controllers\Books->index()
#8 C:\Users\user\Semester-4\Tugas 2\ci4 news\system\CodeIgniter.php(502): CodeIgniter\CodeIgniter->runController(Object(App\Controllers\Books))
#9 C:\Users\user\Semester-4\Tugas 2\ci4 news\system\CodeIgniter.php(361): CodeIgniter\CodeIgniter->handleRequest(NULL, Object(Config\Cache), false)
#10 C:\Users\user\Semester-4\Tugas 2\ci4 news\public\index.php(79): CodeIgniter\CodeIgniter->run()
#11 C:\Users\user\Semester-4\Tugas 2\ci4 news\system\Commands\Server\rewrite.php(47): require_once('C:\\Users\\user\\S...')
#12 {main}

Next CodeIgniter\Database\Exceptions\DatabaseException: No connection could be made because the target machine actively refused it in C:\Users\user\Semester-4\Tugas 2\ci4 news\system\Database\MySQLi\Connection.php:229
Stack trace:
#0 C:\Users\user\Semester-4\Tugas 2\ci4 news\system\Database\BaseConnection.php(392): CodeIgniter\Database\MySQLi\Connection->connect(false)
#1 C:\Users\user\Semester-4\Tugas 2\ci4 news\system\Database\BaseConnection.php(575): CodeIgniter\Database\BaseConnection->initialize()
#2 C:\Users\user\Semester-4\Tugas 2\ci4 news\system\Database\BaseBuilder.php(1616): CodeIgniter\Database\BaseConnection->query('SELECT *\nFROM `...', Array, false)
#3 C:\Users\user\Semester-4\Tugas 2\ci4 news\system\Model.php(242): CodeIgniter\Database\BaseBuilder->get()
#4 C:\Users\user\Semester-4\Tugas 2\ci4 news\system\BaseModel.php(638): CodeIgniter\Model->doFindAll(0, 0)
#5 C:\Users\user\Semester-4\Tugas 2\ci4 news\app\Controllers\Books.php(17): CodeIgniter\BaseModel->findAll()
#6 C:\Users\user\Semester-4\Tugas 2\ci4 news\system\CodeIgniter.php(941): App\Controllers\Books->index()
#7 C:\Users\user\Semester-4\Tugas 2\ci4 news\system\CodeIgniter.php(502): CodeIgniter\CodeIgniter->runController(Object(App\Controllers\Books))
#8 C:\Users\user\Semester-4\Tugas 2\ci4 news\system\CodeIgniter.php(361): CodeIgniter\CodeIgniter->handleRequest(NULL, Object(Config\Cache), false)
#9 C:\Users\user\Semester-4\Tugas 2\ci4 news\public\index.php(79): CodeIgniter\CodeIgniter->run()
#10 C:\Users\user\Semester-4\Tugas 2\ci4 news\system\Commands\Server\rewrite.php(47): require_once('C:\\Users\\user\\S...')
#11 {main}
CRITICAL - 2024-03-31 11:36:38 --> CodeIgniter\Database\Exceptions\DatabaseException: Unable to connect to the database.
Main connection [MySQLi]: No connection could be made because the target machine actively refused it
in SYSTEMPATH\Database\BaseConnection.php on line 428.
 1 SYSTEMPATH\Database\BaseConnection.php(575): CodeIgniter\Database\BaseConnection->initialize()
 2 SYSTEMPATH\Database\BaseBuilder.php(1616): CodeIgniter\Database\BaseConnection->query('SELECT *
FROM `books`', [], false)
 3 SYSTEMPATH\Model.php(242): CodeIgniter\Database\BaseBuilder->get()
 4 SYSTEMPATH\BaseModel.php(638): CodeIgniter\Model->doFindAll(0, 0)
 5 APPPATH\Controllers\Books.php(17): CodeIgniter\BaseModel->findAll()
 6 SYSTEMPATH\CodeIgniter.php(941): App\Controllers\Books->index()
 7 SYSTEMPATH\CodeIgniter.php(502): CodeIgniter\CodeIgniter->runController(Object(App\Controllers\Books))
 8 SYSTEMPATH\CodeIgniter.php(361): CodeIgniter\CodeIgniter->handleRequest(null, Object(Config\Cache), false)
 9 FCPATH\index.php(79): CodeIgniter\CodeIgniter->run()
10 SYSTEMPATH\Commands\Server\rewrite.php(47): require_once('C:\\Users\\user\\Semester-4\\Tugas 2\\ci4 news\\public\\index.php')
