CRITICAL - 2024-04-06 04:28:27 --> ErrorException: Trying to access array offset on value of type null
in APPPATH\Views\books\detail.php on line 11.
 1 APPPATH\Views\books\detail.php(11): CodeIgniter\Debug\Exceptions->errorHandler(2, 'Trying to access array offset on value of type null', 'C:\\Users\\user\\Semester-4\\Tugas 2\\ci4 news\\app\\Views\\books\\detail.php', 11)
 2 SYSTEMPATH\View\View.php(228): include('C:\\Users\\user\\Semester-4\\Tugas 2\\ci4 news\\app\\Views\\books\\detail.php')
 3 SYSTEMPATH\View\View.php(231): CodeIgniter\View\View->CodeIgniter\View\{closure}()
 4 SYSTEMPATH\Common.php(1178): CodeIgniter\View\View->render('books/detail', [], true)
 5 APPPATH\Controllers\Books.php(31): view('books/detail', [...])
 6 SYSTEMPATH\CodeIgniter.php(941): App\Controllers\Books->detail('index')
 7 SYSTEMPATH\CodeIgniter.php(502): CodeIgniter\CodeIgniter->runController(Object(App\Controllers\Books))
 8 SYSTEMPATH\CodeIgniter.php(361): CodeIgniter\CodeIgniter->handleRequest(null, Object(Config\Cache), false)
 9 FCPATH\index.php(79): CodeIgniter\CodeIgniter->run()
10 SYSTEMPATH\Commands\Server\rewrite.php(47): require_once('C:\\Users\\user\\Semester-4\\Tugas 2\\ci4 news\\public\\index.php')
CRITICAL - 2024-04-06 04:31:56 --> ErrorException: Trying to access array offset on value of type null
in APPPATH\Views\books\detail.php on line 11.
 1 APPPATH\Views\books\detail.php(11): CodeIgniter\Debug\Exceptions->errorHandler(2, 'Trying to access array offset on value of type null', 'C:\\Users\\user\\Semester-4\\Tugas 2\\ci4 news\\app\\Views\\books\\detail.php', 11)
 2 SYSTEMPATH\View\View.php(228): include('C:\\Users\\user\\Semester-4\\Tugas 2\\ci4 news\\app\\Views\\books\\detail.php')
 3 SYSTEMPATH\View\View.php(231): CodeIgniter\View\View->CodeIgniter\View\{closure}()
 4 SYSTEMPATH\Common.php(1178): CodeIgniter\View\View->render('books/detail', [], true)
 5 APPPATH\Controllers\Books.php(31): view('books/detail', [...])
 6 SYSTEMPATH\CodeIgniter.php(941): App\Controllers\Books->detail('index')
 7 SYSTEMPATH\CodeIgniter.php(502): CodeIgniter\CodeIgniter->runController(Object(App\Controllers\Books))
 8 SYSTEMPATH\CodeIgniter.php(361): CodeIgniter\CodeIgniter->handleRequest(null, Object(Config\Cache), false)
 9 FCPATH\index.php(79): CodeIgniter\CodeIgniter->run()
10 SYSTEMPATH\Commands\Server\rewrite.php(47): require_once('C:\\Users\\user\\Semester-4\\Tugas 2\\ci4 news\\public\\index.php')
CRITICAL - 2024-04-06 04:33:09 --> ErrorException: Trying to access array offset on value of type null
in APPPATH\Views\books\detail.php on line 11.
 1 APPPATH\Views\books\detail.php(11): CodeIgniter\Debug\Exceptions->errorHandler(2, 'Trying to access array offset on value of type null', 'C:\\Users\\user\\Semester-4\\Tugas 2\\ci4 news\\app\\Views\\books\\detail.php', 11)
 2 SYSTEMPATH\View\View.php(228): include('C:\\Users\\user\\Semester-4\\Tugas 2\\ci4 news\\app\\Views\\books\\detail.php')
 3 SYSTEMPATH\View\View.php(231): CodeIgniter\View\View->CodeIgniter\View\{closure}()
 4 SYSTEMPATH\Common.php(1178): CodeIgniter\View\View->render('books/detail', [], true)
 5 APPPATH\Controllers\Books.php(31): view('books/detail', [...])
 6 SYSTEMPATH\CodeIgniter.php(941): App\Controllers\Books->detail('index')
 7 SYSTEMPATH\CodeIgniter.php(502): CodeIgniter\CodeIgniter->runController(Object(App\Controllers\Books))
 8 SYSTEMPATH\CodeIgniter.php(361): CodeIgniter\CodeIgniter->handleRequest(null, Object(Config\Cache), false)
 9 FCPATH\index.php(79): CodeIgniter\CodeIgniter->run()
10 SYSTEMPATH\Commands\Server\rewrite.php(47): require_once('C:\\Users\\user\\Semester-4\\Tugas 2\\ci4 news\\public\\index.php')
CRITICAL - 2024-04-06 04:33:39 --> ErrorException: Trying to access array offset on value of type null
in APPPATH\Views\books\detail.php on line 11.
 1 APPPATH\Views\books\detail.php(11): CodeIgniter\Debug\Exceptions->errorHandler(2, 'Trying to access array offset on value of type null', 'C:\\Users\\user\\Semester-4\\Tugas 2\\ci4 news\\app\\Views\\books\\detail.php', 11)
 2 SYSTEMPATH\View\View.php(228): include('C:\\Users\\user\\Semester-4\\Tugas 2\\ci4 news\\app\\Views\\books\\detail.php')
 3 SYSTEMPATH\View\View.php(231): CodeIgniter\View\View->CodeIgniter\View\{closure}()
 4 SYSTEMPATH\Common.php(1178): CodeIgniter\View\View->render('books/detail', [], true)
 5 APPPATH\Controllers\Books.php(31): view('books/detail', [...])
 6 SYSTEMPATH\CodeIgniter.php(941): App\Controllers\Books->detail('index')
 7 SYSTEMPATH\CodeIgniter.php(502): CodeIgniter\CodeIgniter->runController(Object(App\Controllers\Books))
 8 SYSTEMPATH\CodeIgniter.php(361): CodeIgniter\CodeIgniter->handleRequest(null, Object(Config\Cache), false)
 9 FCPATH\index.php(79): CodeIgniter\CodeIgniter->run()
10 SYSTEMPATH\Commands\Server\rewrite.php(47): require_once('C:\\Users\\user\\Semester-4\\Tugas 2\\ci4 news\\public\\index.php')
CRITICAL - 2024-04-06 04:34:58 --> ErrorException: Undefined variable $books
in APPPATH\Views\books\detail.php on line 11.
 1 APPPATH\Views\books\detail.php(11): CodeIgniter\Debug\Exceptions->errorHandler(2, 'Undefined variable $books', 'C:\\Users\\user\\Semester-4\\Tugas 2\\ci4 news\\app\\Views\\books\\detail.php', 11)
 2 SYSTEMPATH\View\View.php(228): include('C:\\Users\\user\\Semester-4\\Tugas 2\\ci4 news\\app\\Views\\books\\detail.php')
 3 SYSTEMPATH\View\View.php(231): CodeIgniter\View\View->CodeIgniter\View\{closure}()
 4 SYSTEMPATH\Common.php(1178): CodeIgniter\View\View->render('books/detail', [], true)
 5 APPPATH\Controllers\Books.php(31): view('books/detail', [...])
 6 SYSTEMPATH\CodeIgniter.php(941): App\Controllers\Books->detail('index')
 7 SYSTEMPATH\CodeIgniter.php(502): CodeIgniter\CodeIgniter->runController(Object(App\Controllers\Books))
 8 SYSTEMPATH\CodeIgniter.php(361): CodeIgniter\CodeIgniter->handleRequest(null, Object(Config\Cache), false)
 9 FCPATH\index.php(79): CodeIgniter\CodeIgniter->run()
10 SYSTEMPATH\Commands\Server\rewrite.php(47): require_once('C:\\Users\\user\\Semester-4\\Tugas 2\\ci4 news\\public\\index.php')
CRITICAL - 2024-04-06 04:36:53 --> ErrorException: Undefined variable $buku1
in APPPATH\Views\books\detail.php on line 11.
 1 APPPATH\Views\books\detail.php(11): CodeIgniter\Debug\Exceptions->errorHandler(2, 'Undefined variable $buku1', 'C:\\Users\\user\\Semester-4\\Tugas 2\\ci4 news\\app\\Views\\books\\detail.php', 11)
 2 SYSTEMPATH\View\View.php(228): include('C:\\Users\\user\\Semester-4\\Tugas 2\\ci4 news\\app\\Views\\books\\detail.php')
 3 SYSTEMPATH\View\View.php(231): CodeIgniter\View\View->CodeIgniter\View\{closure}()
 4 SYSTEMPATH\Common.php(1178): CodeIgniter\View\View->render('books/detail', [], true)
 5 APPPATH\Controllers\Books.php(31): view('books/detail', [...])
 6 SYSTEMPATH\CodeIgniter.php(941): App\Controllers\Books->detail('index')
 7 SYSTEMPATH\CodeIgniter.php(502): CodeIgniter\CodeIgniter->runController(Object(App\Controllers\Books))
 8 SYSTEMPATH\CodeIgniter.php(361): CodeIgniter\CodeIgniter->handleRequest(null, Object(Config\Cache), false)
 9 FCPATH\index.php(79): CodeIgniter\CodeIgniter->run()
10 SYSTEMPATH\Commands\Server\rewrite.php(47): require_once('C:\\Users\\user\\Semester-4\\Tugas 2\\ci4 news\\public\\index.php')
CRITICAL - 2024-04-06 04:36:55 --> ErrorException: Undefined variable $buku1
in APPPATH\Views\books\detail.php on line 11.
 1 APPPATH\Views\books\detail.php(11): CodeIgniter\Debug\Exceptions->errorHandler(2, 'Undefined variable $buku1', 'C:\\Users\\user\\Semester-4\\Tugas 2\\ci4 news\\app\\Views\\books\\detail.php', 11)
 2 SYSTEMPATH\View\View.php(228): include('C:\\Users\\user\\Semester-4\\Tugas 2\\ci4 news\\app\\Views\\books\\detail.php')
 3 SYSTEMPATH\View\View.php(231): CodeIgniter\View\View->CodeIgniter\View\{closure}()
 4 SYSTEMPATH\Common.php(1178): CodeIgniter\View\View->render('books/detail', [], true)
 5 APPPATH\Controllers\Books.php(31): view('books/detail', [...])
 6 SYSTEMPATH\CodeIgniter.php(941): App\Controllers\Books->detail('index')
 7 SYSTEMPATH\CodeIgniter.php(502): CodeIgniter\CodeIgniter->runController(Object(App\Controllers\Books))
 8 SYSTEMPATH\CodeIgniter.php(361): CodeIgniter\CodeIgniter->handleRequest(null, Object(Config\Cache), false)
 9 FCPATH\index.php(79): CodeIgniter\CodeIgniter->run()
10 SYSTEMPATH\Commands\Server\rewrite.php(47): require_once('C:\\Users\\user\\Semester-4\\Tugas 2\\ci4 news\\public\\index.php')
CRITICAL - 2024-04-06 04:44:17 --> ErrorException: Trying to access array offset on value of type null
in APPPATH\Views\books\detail.php on line 11.
 1 APPPATH\Views\books\detail.php(11): CodeIgniter\Debug\Exceptions->errorHandler(2, 'Trying to access array offset on value of type null', 'C:\\Users\\user\\Semester-4\\Tugas 2\\ci4 news\\app\\Views\\books\\detail.php', 11)
 2 SYSTEMPATH\View\View.php(228): include('C:\\Users\\user\\Semester-4\\Tugas 2\\ci4 news\\app\\Views\\books\\detail.php')
 3 SYSTEMPATH\View\View.php(231): CodeIgniter\View\View->CodeIgniter\View\{closure}()
 4 SYSTEMPATH\Common.php(1178): CodeIgniter\View\View->render('books/detail', [], true)
 5 APPPATH\Controllers\Books.php(31): view('books/detail', [...])
 6 SYSTEMPATH\CodeIgniter.php(941): App\Controllers\Books->detail('index')
 7 SYSTEMPATH\CodeIgniter.php(502): CodeIgniter\CodeIgniter->runController(Object(App\Controllers\Books))
 8 SYSTEMPATH\CodeIgniter.php(361): CodeIgniter\CodeIgniter->handleRequest(null, Object(Config\Cache), false)
 9 FCPATH\index.php(79): CodeIgniter\CodeIgniter->run()
10 SYSTEMPATH\Commands\Server\rewrite.php(47): require_once('C:\\Users\\user\\Semester-4\\Tugas 2\\ci4 news\\public\\index.php')
CRITICAL - 2024-04-06 04:45:43 --> ErrorException: Undefined variable $b
in APPPATH\Views\books\detail.php on line 11.
 1 APPPATH\Views\books\detail.php(11): CodeIgniter\Debug\Exceptions->errorHandler(2, 'Undefined variable $b', 'C:\\Users\\user\\Semester-4\\Tugas 2\\ci4 news\\app\\Views\\books\\detail.php', 11)
 2 SYSTEMPATH\View\View.php(228): include('C:\\Users\\user\\Semester-4\\Tugas 2\\ci4 news\\app\\Views\\books\\detail.php')
 3 SYSTEMPATH\View\View.php(231): CodeIgniter\View\View->CodeIgniter\View\{closure}()
 4 SYSTEMPATH\Common.php(1178): CodeIgniter\View\View->render('books/detail', [], true)
 5 APPPATH\Controllers\Books.php(31): view('books/detail', [...])
 6 SYSTEMPATH\CodeIgniter.php(941): App\Controllers\Books->detail('index')
 7 SYSTEMPATH\CodeIgniter.php(502): CodeIgniter\CodeIgniter->runController(Object(App\Controllers\Books))
 8 SYSTEMPATH\CodeIgniter.php(361): CodeIgniter\CodeIgniter->handleRequest(null, Object(Config\Cache), false)
 9 FCPATH\index.php(79): CodeIgniter\CodeIgniter->run()
10 SYSTEMPATH\Commands\Server\rewrite.php(47): require_once('C:\\Users\\user\\Semester-4\\Tugas 2\\ci4 news\\public\\index.php')
ERROR - 2024-04-06 05:02:20 --> mysqli_sql_exception: Unknown column '$slug' in 'where clause' in C:\Users\user\Semester-4\Tugas 2\ci4 news\system\Database\MySQLi\Connection.php:306
Stack trace:
#0 C:\Users\user\Semester-4\Tugas 2\ci4 news\system\Database\MySQLi\Connection.php(306): mysqli->query('SELECT *\nFROM `...', 0)
#1 C:\Users\user\Semester-4\Tugas 2\ci4 news\system\Database\BaseConnection.php(693): CodeIgniter\Database\MySQLi\Connection->execute('SELECT *\nFROM `...')
#2 C:\Users\user\Semester-4\Tugas 2\ci4 news\system\Database\BaseConnection.php(607): CodeIgniter\Database\BaseConnection->simpleQuery('SELECT *\nFROM `...')
#3 C:\Users\user\Semester-4\Tugas 2\ci4 news\system\Database\BaseBuilder.php(1616): CodeIgniter\Database\BaseConnection->query('SELECT *\nFROM `...', Array, false)
#4 C:\Users\user\Semester-4\Tugas 2\ci4 news\system\Model.php(270): CodeIgniter\Database\BaseBuilder->get()
#5 C:\Users\user\Semester-4\Tugas 2\ci4 news\system\BaseModel.php(676): CodeIgniter\Model->doFirst()
#6 C:\Users\user\Semester-4\Tugas 2\ci4 news\app\Models\BooksModel.php(18): CodeIgniter\BaseModel->first()
#7 C:\Users\user\Semester-4\Tugas 2\ci4 news\app\Controllers\Books.php(32): App\Models\BooksModel->getBuku('index')
#8 C:\Users\user\Semester-4\Tugas 2\ci4 news\system\CodeIgniter.php(941): App\Controllers\Books->detail('index')
#9 C:\Users\user\Semester-4\Tugas 2\ci4 news\system\CodeIgniter.php(502): CodeIgniter\CodeIgniter->runController(Object(App\Controllers\Books))
#10 C:\Users\user\Semester-4\Tugas 2\ci4 news\system\CodeIgniter.php(361): CodeIgniter\CodeIgniter->handleRequest(NULL, Object(Config\Cache), false)
#11 C:\Users\user\Semester-4\Tugas 2\ci4 news\public\index.php(79): CodeIgniter\CodeIgniter->run()
#12 C:\Users\user\Semester-4\Tugas 2\ci4 news\system\Commands\Server\rewrite.php(47): require_once('C:\\Users\\user\\S...')
#13 {main}
CRITICAL - 2024-04-06 05:02:20 --> CodeIgniter\Database\Exceptions\DatabaseException: Unknown column '$slug' in 'where clause'
in SYSTEMPATH\Database\BaseConnection.php on line 647.
 1 SYSTEMPATH\Database\BaseBuilder.php(1616): CodeIgniter\Database\BaseConnection->query('SELECT *
FROM `books`
WHERE `$slug` = :$slug:
 LIMIT 1', [...], false)
 2 SYSTEMPATH\Model.php(270): CodeIgniter\Database\BaseBuilder->get()
 3 SYSTEMPATH\BaseModel.php(676): CodeIgniter\Model->doFirst()
 4 APPPATH\Models\BooksModel.php(18): CodeIgniter\BaseModel->first()
 5 APPPATH\Controllers\Books.php(32): App\Models\BooksModel->getBuku('index')
 6 SYSTEMPATH\CodeIgniter.php(941): App\Controllers\Books->detail('index')
 7 SYSTEMPATH\CodeIgniter.php(502): CodeIgniter\CodeIgniter->runController(Object(App\Controllers\Books))
 8 SYSTEMPATH\CodeIgniter.php(361): CodeIgniter\CodeIgniter->handleRequest(null, Object(Config\Cache), false)
 9 FCPATH\index.php(79): CodeIgniter\CodeIgniter->run()
10 SYSTEMPATH\Commands\Server\rewrite.php(47): require_once('C:\\Users\\user\\Semester-4\\Tugas 2\\ci4 news\\public\\index.php')
CRITICAL - 2024-04-06 05:02:20 --> [Caused by] CodeIgniter\Database\Exceptions\DatabaseException: Unknown column '$slug' in 'where clause'
in SYSTEMPATH\Database\MySQLi\Connection.php on line 311.
 1 SYSTEMPATH\Database\BaseConnection.php(693): CodeIgniter\Database\MySQLi\Connection->execute('SELECT *
FROM `books`
WHERE `$slug` = \'index\'
 LIMIT 1')
 2 SYSTEMPATH\Database\BaseConnection.php(607): CodeIgniter\Database\BaseConnection->simpleQuery('SELECT *
FROM `books`
WHERE `$slug` = \'index\'
 LIMIT 1')
 3 SYSTEMPATH\Database\BaseBuilder.php(1616): CodeIgniter\Database\BaseConnection->query('SELECT *
FROM `books`
WHERE `$slug` = :$slug:
 LIMIT 1', [...], false)
 4 SYSTEMPATH\Model.php(270): CodeIgniter\Database\BaseBuilder->get()
 5 SYSTEMPATH\BaseModel.php(676): CodeIgniter\Model->doFirst()
 6 APPPATH\Models\BooksModel.php(18): CodeIgniter\BaseModel->first()
 7 APPPATH\Controllers\Books.php(32): App\Models\BooksModel->getBuku('index')
 8 SYSTEMPATH\CodeIgniter.php(941): App\Controllers\Books->detail('index')
 9 SYSTEMPATH\CodeIgniter.php(502): CodeIgniter\CodeIgniter->runController(Object(App\Controllers\Books))
10 SYSTEMPATH\CodeIgniter.php(361): CodeIgniter\CodeIgniter->handleRequest(null, Object(Config\Cache), false)
11 FCPATH\index.php(79): CodeIgniter\CodeIgniter->run()
12 SYSTEMPATH\Commands\Server\rewrite.php(47): require_once('C:\\Users\\user\\Semester-4\\Tugas 2\\ci4 news\\public\\index.php')
CRITICAL - 2024-04-06 05:02:20 --> [Caused by] mysqli_sql_exception: Unknown column '$slug' in 'where clause'
in SYSTEMPATH\Database\MySQLi\Connection.php on line 306.
 1 SYSTEMPATH\Database\MySQLi\Connection.php(306): mysqli->query('SELECT *
FROM `books`
WHERE `$slug` = \'index\'
 LIMIT 1', 0)
 2 SYSTEMPATH\Database\BaseConnection.php(693): CodeIgniter\Database\MySQLi\Connection->execute('SELECT *
FROM `books`
WHERE `$slug` = \'index\'
 LIMIT 1')
 3 SYSTEMPATH\Database\BaseConnection.php(607): CodeIgniter\Database\BaseConnection->simpleQuery('SELECT *
FROM `books`
WHERE `$slug` = \'index\'
 LIMIT 1')
 4 SYSTEMPATH\Database\BaseBuilder.php(1616): CodeIgniter\Database\BaseConnection->query('SELECT *
FROM `books`
WHERE `$slug` = :$slug:
 LIMIT 1', [...], false)
 5 SYSTEMPATH\Model.php(270): CodeIgniter\Database\BaseBuilder->get()
 6 SYSTEMPATH\BaseModel.php(676): CodeIgniter\Model->doFirst()
 7 APPPATH\Models\BooksModel.php(18): CodeIgniter\BaseModel->first()
 8 APPPATH\Controllers\Books.php(32): App\Models\BooksModel->getBuku('index')
 9 SYSTEMPATH\CodeIgniter.php(941): App\Controllers\Books->detail('index')
10 SYSTEMPATH\CodeIgniter.php(502): CodeIgniter\CodeIgniter->runController(Object(App\Controllers\Books))
11 SYSTEMPATH\CodeIgniter.php(361): CodeIgniter\CodeIgniter->handleRequest(null, Object(Config\Cache), false)
12 FCPATH\index.php(79): CodeIgniter\CodeIgniter->run()
13 SYSTEMPATH\Commands\Server\rewrite.php(47): require_once('C:\\Users\\user\\Semester-4\\Tugas 2\\ci4 news\\public\\index.php')
ERROR - 2024-04-06 05:05:16 --> mysqli_sql_exception: Unknown column '$slug' in 'where clause' in C:\Users\user\Semester-4\Tugas 2\ci4 news\system\Database\MySQLi\Connection.php:306
Stack trace:
#0 C:\Users\user\Semester-4\Tugas 2\ci4 news\system\Database\MySQLi\Connection.php(306): mysqli->query('SELECT *\nFROM `...', 0)
#1 C:\Users\user\Semester-4\Tugas 2\ci4 news\system\Database\BaseConnection.php(693): CodeIgniter\Database\MySQLi\Connection->execute('SELECT *\nFROM `...')
#2 C:\Users\user\Semester-4\Tugas 2\ci4 news\system\Database\BaseConnection.php(607): CodeIgniter\Database\BaseConnection->simpleQuery('SELECT *\nFROM `...')
#3 C:\Users\user\Semester-4\Tugas 2\ci4 news\system\Database\BaseBuilder.php(1616): CodeIgniter\Database\BaseConnection->query('SELECT *\nFROM `...', Array, false)
#4 C:\Users\user\Semester-4\Tugas 2\ci4 news\system\Model.php(270): CodeIgniter\Database\BaseBuilder->get()
#5 C:\Users\user\Semester-4\Tugas 2\ci4 news\system\BaseModel.php(676): CodeIgniter\Model->doFirst()
#6 C:\Users\user\Semester-4\Tugas 2\ci4 news\app\Models\BooksModel.php(18): CodeIgniter\BaseModel->first()
#7 C:\Users\user\Semester-4\Tugas 2\ci4 news\app\Controllers\Books.php(32): App\Models\BooksModel->getBuku('index')
#8 C:\Users\user\Semester-4\Tugas 2\ci4 news\system\CodeIgniter.php(941): App\Controllers\Books->detail('index')
#9 C:\Users\user\Semester-4\Tugas 2\ci4 news\system\CodeIgniter.php(502): CodeIgniter\CodeIgniter->runController(Object(App\Controllers\Books))
#10 C:\Users\user\Semester-4\Tugas 2\ci4 news\system\CodeIgniter.php(361): CodeIgniter\CodeIgniter->handleRequest(NULL, Object(Config\Cache), false)
#11 C:\Users\user\Semester-4\Tugas 2\ci4 news\public\index.php(79): CodeIgniter\CodeIgniter->run()
#12 C:\Users\user\Semester-4\Tugas 2\ci4 news\system\Commands\Server\rewrite.php(47): require_once('C:\\Users\\user\\S...')
#13 {main}
CRITICAL - 2024-04-06 05:05:16 --> CodeIgniter\Database\Exceptions\DatabaseException: Unknown column '$slug' in 'where clause'
in SYSTEMPATH\Database\BaseConnection.php on line 647.
 1 SYSTEMPATH\Database\BaseBuilder.php(1616): CodeIgniter\Database\BaseConnection->query('SELECT *
FROM `books`
WHERE `$slug` = :$slug:
 LIMIT 1', [...], false)
 2 SYSTEMPATH\Model.php(270): CodeIgniter\Database\BaseBuilder->get()
 3 SYSTEMPATH\BaseModel.php(676): CodeIgniter\Model->doFirst()
 4 APPPATH\Models\BooksModel.php(18): CodeIgniter\BaseModel->first()
 5 APPPATH\Controllers\Books.php(32): App\Models\BooksModel->getBuku('index')
 6 SYSTEMPATH\CodeIgniter.php(941): App\Controllers\Books->detail('index')
 7 SYSTEMPATH\CodeIgniter.php(502): CodeIgniter\CodeIgniter->runController(Object(App\Controllers\Books))
 8 SYSTEMPATH\CodeIgniter.php(361): CodeIgniter\CodeIgniter->handleRequest(null, Object(Config\Cache), false)
 9 FCPATH\index.php(79): CodeIgniter\CodeIgniter->run()
10 SYSTEMPATH\Commands\Server\rewrite.php(47): require_once('C:\\Users\\user\\Semester-4\\Tugas 2\\ci4 news\\public\\index.php')
CRITICAL - 2024-04-06 05:05:16 --> [Caused by] CodeIgniter\Database\Exceptions\DatabaseException: Unknown column '$slug' in 'where clause'
in SYSTEMPATH\Database\MySQLi\Connection.php on line 311.
 1 SYSTEMPATH\Database\BaseConnection.php(693): CodeIgniter\Database\MySQLi\Connection->execute('SELECT *
FROM `books`
WHERE `$slug` = \'index\'
 LIMIT 1')
 2 SYSTEMPATH\Database\BaseConnection.php(607): CodeIgniter\Database\BaseConnection->simpleQuery('SELECT *
FROM `books`
WHERE `$slug` = \'index\'
 LIMIT 1')
 3 SYSTEMPATH\Database\BaseBuilder.php(1616): CodeIgniter\Database\BaseConnection->query('SELECT *
FROM `books`
WHERE `$slug` = :$slug:
 LIMIT 1', [...], false)
 4 SYSTEMPATH\Model.php(270): CodeIgniter\Database\BaseBuilder->get()
 5 SYSTEMPATH\BaseModel.php(676): CodeIgniter\Model->doFirst()
 6 APPPATH\Models\BooksModel.php(18): CodeIgniter\BaseModel->first()
 7 APPPATH\Controllers\Books.php(32): App\Models\BooksModel->getBuku('index')
 8 SYSTEMPATH\CodeIgniter.php(941): App\Controllers\Books->detail('index')
 9 SYSTEMPATH\CodeIgniter.php(502): CodeIgniter\CodeIgniter->runController(Object(App\Controllers\Books))
10 SYSTEMPATH\CodeIgniter.php(361): CodeIgniter\CodeIgniter->handleRequest(null, Object(Config\Cache), false)
11 FCPATH\index.php(79): CodeIgniter\CodeIgniter->run()
12 SYSTEMPATH\Commands\Server\rewrite.php(47): require_once('C:\\Users\\user\\Semester-4\\Tugas 2\\ci4 news\\public\\index.php')
CRITICAL - 2024-04-06 05:05:16 --> [Caused by] mysqli_sql_exception: Unknown column '$slug' in 'where clause'
in SYSTEMPATH\Database\MySQLi\Connection.php on line 306.
 1 SYSTEMPATH\Database\MySQLi\Connection.php(306): mysqli->query('SELECT *
FROM `books`
WHERE `$slug` = \'index\'
 LIMIT 1', 0)
 2 SYSTEMPATH\Database\BaseConnection.php(693): CodeIgniter\Database\MySQLi\Connection->execute('SELECT *
FROM `books`
WHERE `$slug` = \'index\'
 LIMIT 1')
 3 SYSTEMPATH\Database\BaseConnection.php(607): CodeIgniter\Database\BaseConnection->simpleQuery('SELECT *
FROM `books`
WHERE `$slug` = \'index\'
 LIMIT 1')
 4 SYSTEMPATH\Database\BaseBuilder.php(1616): CodeIgniter\Database\BaseConnection->query('SELECT *
FROM `books`
WHERE `$slug` = :$slug:
 LIMIT 1', [...], false)
 5 SYSTEMPATH\Model.php(270): CodeIgniter\Database\BaseBuilder->get()
 6 SYSTEMPATH\BaseModel.php(676): CodeIgniter\Model->doFirst()
 7 APPPATH\Models\BooksModel.php(18): CodeIgniter\BaseModel->first()
 8 APPPATH\Controllers\Books.php(32): App\Models\BooksModel->getBuku('index')
 9 SYSTEMPATH\CodeIgniter.php(941): App\Controllers\Books->detail('index')
10 SYSTEMPATH\CodeIgniter.php(502): CodeIgniter\CodeIgniter->runController(Object(App\Controllers\Books))
11 SYSTEMPATH\CodeIgniter.php(361): CodeIgniter\CodeIgniter->handleRequest(null, Object(Config\Cache), false)
12 FCPATH\index.php(79): CodeIgniter\CodeIgniter->run()
13 SYSTEMPATH\Commands\Server\rewrite.php(47): require_once('C:\\Users\\user\\Semester-4\\Tugas 2\\ci4 news\\public\\index.php')
ERROR - 2024-04-06 05:06:35 --> mysqli_sql_exception: Unknown column '$slug' in 'where clause' in C:\Users\user\Semester-4\Tugas 2\ci4 news\system\Database\MySQLi\Connection.php:306
Stack trace:
#0 C:\Users\user\Semester-4\Tugas 2\ci4 news\system\Database\MySQLi\Connection.php(306): mysqli->query('SELECT *\nFROM `...', 0)
#1 C:\Users\user\Semester-4\Tugas 2\ci4 news\system\Database\BaseConnection.php(693): CodeIgniter\Database\MySQLi\Connection->execute('SELECT *\nFROM `...')
#2 C:\Users\user\Semester-4\Tugas 2\ci4 news\system\Database\BaseConnection.php(607): CodeIgniter\Database\BaseConnection->simpleQuery('SELECT *\nFROM `...')
#3 C:\Users\user\Semester-4\Tugas 2\ci4 news\system\Database\BaseBuilder.php(1616): CodeIgniter\Database\BaseConnection->query('SELECT *\nFROM `...', Array, false)
#4 C:\Users\user\Semester-4\Tugas 2\ci4 news\system\Model.php(270): CodeIgniter\Database\BaseBuilder->get()
#5 C:\Users\user\Semester-4\Tugas 2\ci4 news\system\BaseModel.php(676): CodeIgniter\Model->doFirst()
#6 C:\Users\user\Semester-4\Tugas 2\ci4 news\app\Models\BooksModel.php(18): CodeIgniter\BaseModel->first()
#7 C:\Users\user\Semester-4\Tugas 2\ci4 news\app\Controllers\Books.php(32): App\Models\BooksModel->getBuku('index')
#8 C:\Users\user\Semester-4\Tugas 2\ci4 news\system\CodeIgniter.php(941): App\Controllers\Books->detail('index')
#9 C:\Users\user\Semester-4\Tugas 2\ci4 news\system\CodeIgniter.php(502): CodeIgniter\CodeIgniter->runController(Object(App\Controllers\Books))
#10 C:\Users\user\Semester-4\Tugas 2\ci4 news\system\CodeIgniter.php(361): CodeIgniter\CodeIgniter->handleRequest(NULL, Object(Config\Cache), false)
#11 C:\Users\user\Semester-4\Tugas 2\ci4 news\public\index.php(79): CodeIgniter\CodeIgniter->run()
#12 C:\Users\user\Semester-4\Tugas 2\ci4 news\system\Commands\Server\rewrite.php(47): require_once('C:\\Users\\user\\S...')
#13 {main}
CRITICAL - 2024-04-06 05:06:35 --> CodeIgniter\Database\Exceptions\DatabaseException: Unknown column '$slug' in 'where clause'
in SYSTEMPATH\Database\BaseConnection.php on line 647.
 1 SYSTEMPATH\Database\BaseBuilder.php(1616): CodeIgniter\Database\BaseConnection->query('SELECT *
FROM `books`
WHERE `$slug` = :$slug:
 LIMIT 1', [...], false)
 2 SYSTEMPATH\Model.php(270): CodeIgniter\Database\BaseBuilder->get()
 3 SYSTEMPATH\BaseModel.php(676): CodeIgniter\Model->doFirst()
 4 APPPATH\Models\BooksModel.php(18): CodeIgniter\BaseModel->first()
 5 APPPATH\Controllers\Books.php(32): App\Models\BooksModel->getBuku('index')
 6 SYSTEMPATH\CodeIgniter.php(941): App\Controllers\Books->detail('index')
 7 SYSTEMPATH\CodeIgniter.php(502): CodeIgniter\CodeIgniter->runController(Object(App\Controllers\Books))
 8 SYSTEMPATH\CodeIgniter.php(361): CodeIgniter\CodeIgniter->handleRequest(null, Object(Config\Cache), false)
 9 FCPATH\index.php(79): CodeIgniter\CodeIgniter->run()
10 SYSTEMPATH\Commands\Server\rewrite.php(47): require_once('C:\\Users\\user\\Semester-4\\Tugas 2\\ci4 news\\public\\index.php')
CRITICAL - 2024-04-06 05:06:35 --> [Caused by] CodeIgniter\Database\Exceptions\DatabaseException: Unknown column '$slug' in 'where clause'
in SYSTEMPATH\Database\MySQLi\Connection.php on line 311.
 1 SYSTEMPATH\Database\BaseConnection.php(693): CodeIgniter\Database\MySQLi\Connection->execute('SELECT *
FROM `books`
WHERE `$slug` = \'index\'
 LIMIT 1')
 2 SYSTEMPATH\Database\BaseConnection.php(607): CodeIgniter\Database\BaseConnection->simpleQuery('SELECT *
FROM `books`
WHERE `$slug` = \'index\'
 LIMIT 1')
 3 SYSTEMPATH\Database\BaseBuilder.php(1616): CodeIgniter\Database\BaseConnection->query('SELECT *
FROM `books`
WHERE `$slug` = :$slug:
 LIMIT 1', [...], false)
 4 SYSTEMPATH\Model.php(270): CodeIgniter\Database\BaseBuilder->get()
 5 SYSTEMPATH\BaseModel.php(676): CodeIgniter\Model->doFirst()
 6 APPPATH\Models\BooksModel.php(18): CodeIgniter\BaseModel->first()
 7 APPPATH\Controllers\Books.php(32): App\Models\BooksModel->getBuku('index')
 8 SYSTEMPATH\CodeIgniter.php(941): App\Controllers\Books->detail('index')
 9 SYSTEMPATH\CodeIgniter.php(502): CodeIgniter\CodeIgniter->runController(Object(App\Controllers\Books))
10 SYSTEMPATH\CodeIgniter.php(361): CodeIgniter\CodeIgniter->handleRequest(null, Object(Config\Cache), false)
11 FCPATH\index.php(79): CodeIgniter\CodeIgniter->run()
12 SYSTEMPATH\Commands\Server\rewrite.php(47): require_once('C:\\Users\\user\\Semester-4\\Tugas 2\\ci4 news\\public\\index.php')
CRITICAL - 2024-04-06 05:06:35 --> [Caused by] mysqli_sql_exception: Unknown column '$slug' in 'where clause'
in SYSTEMPATH\Database\MySQLi\Connection.php on line 306.
 1 SYSTEMPATH\Database\MySQLi\Connection.php(306): mysqli->query('SELECT *
FROM `books`
WHERE `$slug` = \'index\'
 LIMIT 1', 0)
 2 SYSTEMPATH\Database\BaseConnection.php(693): CodeIgniter\Database\MySQLi\Connection->execute('SELECT *
FROM `books`
WHERE `$slug` = \'index\'
 LIMIT 1')
 3 SYSTEMPATH\Database\BaseConnection.php(607): CodeIgniter\Database\BaseConnection->simpleQuery('SELECT *
FROM `books`
WHERE `$slug` = \'index\'
 LIMIT 1')
 4 SYSTEMPATH\Database\BaseBuilder.php(1616): CodeIgniter\Database\BaseConnection->query('SELECT *
FROM `books`
WHERE `$slug` = :$slug:
 LIMIT 1', [...], false)
 5 SYSTEMPATH\Model.php(270): CodeIgniter\Database\BaseBuilder->get()
 6 SYSTEMPATH\BaseModel.php(676): CodeIgniter\Model->doFirst()
 7 APPPATH\Models\BooksModel.php(18): CodeIgniter\BaseModel->first()
 8 APPPATH\Controllers\Books.php(32): App\Models\BooksModel->getBuku('index')
 9 SYSTEMPATH\CodeIgniter.php(941): App\Controllers\Books->detail('index')
10 SYSTEMPATH\CodeIgniter.php(502): CodeIgniter\CodeIgniter->runController(Object(App\Controllers\Books))
11 SYSTEMPATH\CodeIgniter.php(361): CodeIgniter\CodeIgniter->handleRequest(null, Object(Config\Cache), false)
12 FCPATH\index.php(79): CodeIgniter\CodeIgniter->run()
13 SYSTEMPATH\Commands\Server\rewrite.php(47): require_once('C:\\Users\\user\\Semester-4\\Tugas 2\\ci4 news\\public\\index.php')
ERROR - 2024-04-06 05:07:21 --> mysqli_sql_exception: Unknown column '$slug' in 'where clause' in C:\Users\user\Semester-4\Tugas 2\ci4 news\system\Database\MySQLi\Connection.php:306
Stack trace:
#0 C:\Users\user\Semester-4\Tugas 2\ci4 news\system\Database\MySQLi\Connection.php(306): mysqli->query('SELECT *\nFROM `...', 0)
#1 C:\Users\user\Semester-4\Tugas 2\ci4 news\system\Database\BaseConnection.php(693): CodeIgniter\Database\MySQLi\Connection->execute('SELECT *\nFROM `...')
#2 C:\Users\user\Semester-4\Tugas 2\ci4 news\system\Database\BaseConnection.php(607): CodeIgniter\Database\BaseConnection->simpleQuery('SELECT *\nFROM `...')
#3 C:\Users\user\Semester-4\Tugas 2\ci4 news\system\Database\BaseBuilder.php(1616): CodeIgniter\Database\BaseConnection->query('SELECT *\nFROM `...', Array, false)
#4 C:\Users\user\Semester-4\Tugas 2\ci4 news\system\Model.php(270): CodeIgniter\Database\BaseBuilder->get()
#5 C:\Users\user\Semester-4\Tugas 2\ci4 news\system\BaseModel.php(676): CodeIgniter\Model->doFirst()
#6 C:\Users\user\Semester-4\Tugas 2\ci4 news\app\Models\BooksModel.php(18): CodeIgniter\BaseModel->first()
#7 C:\Users\user\Semester-4\Tugas 2\ci4 news\app\Controllers\Books.php(32): App\Models\BooksModel->getBuku('index')
#8 C:\Users\user\Semester-4\Tugas 2\ci4 news\system\CodeIgniter.php(941): App\Controllers\Books->detail('index')
#9 C:\Users\user\Semester-4\Tugas 2\ci4 news\system\CodeIgniter.php(502): CodeIgniter\CodeIgniter->runController(Object(App\Controllers\Books))
#10 C:\Users\user\Semester-4\Tugas 2\ci4 news\system\CodeIgniter.php(361): CodeIgniter\CodeIgniter->handleRequest(NULL, Object(Config\Cache), false)
#11 C:\Users\user\Semester-4\Tugas 2\ci4 news\public\index.php(79): CodeIgniter\CodeIgniter->run()
#12 C:\Users\user\Semester-4\Tugas 2\ci4 news\system\Commands\Server\rewrite.php(47): require_once('C:\\Users\\user\\S...')
#13 {main}
CRITICAL - 2024-04-06 05:07:21 --> CodeIgniter\Database\Exceptions\DatabaseException: Unknown column '$slug' in 'where clause'
in SYSTEMPATH\Database\BaseConnection.php on line 647.
 1 SYSTEMPATH\Database\BaseBuilder.php(1616): CodeIgniter\Database\BaseConnection->query('SELECT *
FROM `books`
WHERE `$slug` = :$slug:
 LIMIT 1', [...], false)
 2 SYSTEMPATH\Model.php(270): CodeIgniter\Database\BaseBuilder->get()
 3 SYSTEMPATH\BaseModel.php(676): CodeIgniter\Model->doFirst()
 4 APPPATH\Models\BooksModel.php(18): CodeIgniter\BaseModel->first()
 5 APPPATH\Controllers\Books.php(32): App\Models\BooksModel->getBuku('index')
 6 SYSTEMPATH\CodeIgniter.php(941): App\Controllers\Books->detail('index')
 7 SYSTEMPATH\CodeIgniter.php(502): CodeIgniter\CodeIgniter->runController(Object(App\Controllers\Books))
 8 SYSTEMPATH\CodeIgniter.php(361): CodeIgniter\CodeIgniter->handleRequest(null, Object(Config\Cache), false)
 9 FCPATH\index.php(79): CodeIgniter\CodeIgniter->run()
10 SYSTEMPATH\Commands\Server\rewrite.php(47): require_once('C:\\Users\\user\\Semester-4\\Tugas 2\\ci4 news\\public\\index.php')
CRITICAL - 2024-04-06 05:07:21 --> [Caused by] CodeIgniter\Database\Exceptions\DatabaseException: Unknown column '$slug' in 'where clause'
in SYSTEMPATH\Database\MySQLi\Connection.php on line 311.
 1 SYSTEMPATH\Database\BaseConnection.php(693): CodeIgniter\Database\MySQLi\Connection->execute('SELECT *
FROM `books`
WHERE `$slug` = \'index\'
 LIMIT 1')
 2 SYSTEMPATH\Database\BaseConnection.php(607): CodeIgniter\Database\BaseConnection->simpleQuery('SELECT *
FROM `books`
WHERE `$slug` = \'index\'
 LIMIT 1')
 3 SYSTEMPATH\Database\BaseBuilder.php(1616): CodeIgniter\Database\BaseConnection->query('SELECT *
FROM `books`
WHERE `$slug` = :$slug:
 LIMIT 1', [...], false)
 4 SYSTEMPATH\Model.php(270): CodeIgniter\Database\BaseBuilder->get()
 5 SYSTEMPATH\BaseModel.php(676): CodeIgniter\Model->doFirst()
 6 APPPATH\Models\BooksModel.php(18): CodeIgniter\BaseModel->first()
 7 APPPATH\Controllers\Books.php(32): App\Models\BooksModel->getBuku('index')
 8 SYSTEMPATH\CodeIgniter.php(941): App\Controllers\Books->detail('index')
 9 SYSTEMPATH\CodeIgniter.php(502): CodeIgniter\CodeIgniter->runController(Object(App\Controllers\Books))
10 SYSTEMPATH\CodeIgniter.php(361): CodeIgniter\CodeIgniter->handleRequest(null, Object(Config\Cache), false)
11 FCPATH\index.php(79): CodeIgniter\CodeIgniter->run()
12 SYSTEMPATH\Commands\Server\rewrite.php(47): require_once('C:\\Users\\user\\Semester-4\\Tugas 2\\ci4 news\\public\\index.php')
CRITICAL - 2024-04-06 05:07:21 --> [Caused by] mysqli_sql_exception: Unknown column '$slug' in 'where clause'
in SYSTEMPATH\Database\MySQLi\Connection.php on line 306.
 1 SYSTEMPATH\Database\MySQLi\Connection.php(306): mysqli->query('SELECT *
FROM `books`
WHERE `$slug` = \'index\'
 LIMIT 1', 0)
 2 SYSTEMPATH\Database\BaseConnection.php(693): CodeIgniter\Database\MySQLi\Connection->execute('SELECT *
FROM `books`
WHERE `$slug` = \'index\'
 LIMIT 1')
 3 SYSTEMPATH\Database\BaseConnection.php(607): CodeIgniter\Database\BaseConnection->simpleQuery('SELECT *
FROM `books`
WHERE `$slug` = \'index\'
 LIMIT 1')
 4 SYSTEMPATH\Database\BaseBuilder.php(1616): CodeIgniter\Database\BaseConnection->query('SELECT *
FROM `books`
WHERE `$slug` = :$slug:
 LIMIT 1', [...], false)
 5 SYSTEMPATH\Model.php(270): CodeIgniter\Database\BaseBuilder->get()
 6 SYSTEMPATH\BaseModel.php(676): CodeIgniter\Model->doFirst()
 7 APPPATH\Models\BooksModel.php(18): CodeIgniter\BaseModel->first()
 8 APPPATH\Controllers\Books.php(32): App\Models\BooksModel->getBuku('index')
 9 SYSTEMPATH\CodeIgniter.php(941): App\Controllers\Books->detail('index')
10 SYSTEMPATH\CodeIgniter.php(502): CodeIgniter\CodeIgniter->runController(Object(App\Controllers\Books))
11 SYSTEMPATH\CodeIgniter.php(361): CodeIgniter\CodeIgniter->handleRequest(null, Object(Config\Cache), false)
12 FCPATH\index.php(79): CodeIgniter\CodeIgniter->run()
13 SYSTEMPATH\Commands\Server\rewrite.php(47): require_once('C:\\Users\\user\\Semester-4\\Tugas 2\\ci4 news\\public\\index.php')
ERROR - 2024-04-06 05:07:24 --> mysqli_sql_exception: Unknown column '$slug' in 'where clause' in C:\Users\user\Semester-4\Tugas 2\ci4 news\system\Database\MySQLi\Connection.php:306
Stack trace:
#0 C:\Users\user\Semester-4\Tugas 2\ci4 news\system\Database\MySQLi\Connection.php(306): mysqli->query('SELECT *\nFROM `...', 0)
#1 C:\Users\user\Semester-4\Tugas 2\ci4 news\system\Database\BaseConnection.php(693): CodeIgniter\Database\MySQLi\Connection->execute('SELECT *\nFROM `...')
#2 C:\Users\user\Semester-4\Tugas 2\ci4 news\system\Database\BaseConnection.php(607): CodeIgniter\Database\BaseConnection->simpleQuery('SELECT *\nFROM `...')
#3 C:\Users\user\Semester-4\Tugas 2\ci4 news\system\Database\BaseBuilder.php(1616): CodeIgniter\Database\BaseConnection->query('SELECT *\nFROM `...', Array, false)
#4 C:\Users\user\Semester-4\Tugas 2\ci4 news\system\Model.php(270): CodeIgniter\Database\BaseBuilder->get()
#5 C:\Users\user\Semester-4\Tugas 2\ci4 news\system\BaseModel.php(676): CodeIgniter\Model->doFirst()
#6 C:\Users\user\Semester-4\Tugas 2\ci4 news\app\Models\BooksModel.php(18): CodeIgniter\BaseModel->first()
#7 C:\Users\user\Semester-4\Tugas 2\ci4 news\app\Controllers\Books.php(32): App\Models\BooksModel->getBuku('index')
#8 C:\Users\user\Semester-4\Tugas 2\ci4 news\system\CodeIgniter.php(941): App\Controllers\Books->detail('index')
#9 C:\Users\user\Semester-4\Tugas 2\ci4 news\system\CodeIgniter.php(502): CodeIgniter\CodeIgniter->runController(Object(App\Controllers\Books))
#10 C:\Users\user\Semester-4\Tugas 2\ci4 news\system\CodeIgniter.php(361): CodeIgniter\CodeIgniter->handleRequest(NULL, Object(Config\Cache), false)
#11 C:\Users\user\Semester-4\Tugas 2\ci4 news\public\index.php(79): CodeIgniter\CodeIgniter->run()
#12 C:\Users\user\Semester-4\Tugas 2\ci4 news\system\Commands\Server\rewrite.php(47): require_once('C:\\Users\\user\\S...')
#13 {main}
CRITICAL - 2024-04-06 05:07:24 --> CodeIgniter\Database\Exceptions\DatabaseException: Unknown column '$slug' in 'where clause'
in SYSTEMPATH\Database\BaseConnection.php on line 647.
 1 SYSTEMPATH\Database\BaseBuilder.php(1616): CodeIgniter\Database\BaseConnection->query('SELECT *
FROM `books`
WHERE `$slug` = :$slug:
 LIMIT 1', [...], false)
 2 SYSTEMPATH\Model.php(270): CodeIgniter\Database\BaseBuilder->get()
 3 SYSTEMPATH\BaseModel.php(676): CodeIgniter\Model->doFirst()
 4 APPPATH\Models\BooksModel.php(18): CodeIgniter\BaseModel->first()
 5 APPPATH\Controllers\Books.php(32): App\Models\BooksModel->getBuku('index')
 6 SYSTEMPATH\CodeIgniter.php(941): App\Controllers\Books->detail('index')
 7 SYSTEMPATH\CodeIgniter.php(502): CodeIgniter\CodeIgniter->runController(Object(App\Controllers\Books))
 8 SYSTEMPATH\CodeIgniter.php(361): CodeIgniter\CodeIgniter->handleRequest(null, Object(Config\Cache), false)
 9 FCPATH\index.php(79): CodeIgniter\CodeIgniter->run()
10 SYSTEMPATH\Commands\Server\rewrite.php(47): require_once('C:\\Users\\user\\Semester-4\\Tugas 2\\ci4 news\\public\\index.php')
CRITICAL - 2024-04-06 05:07:24 --> [Caused by] CodeIgniter\Database\Exceptions\DatabaseException: Unknown column '$slug' in 'where clause'
in SYSTEMPATH\Database\MySQLi\Connection.php on line 311.
 1 SYSTEMPATH\Database\BaseConnection.php(693): CodeIgniter\Database\MySQLi\Connection->execute('SELECT *
FROM `books`
WHERE `$slug` = \'index\'
 LIMIT 1')
 2 SYSTEMPATH\Database\BaseConnection.php(607): CodeIgniter\Database\BaseConnection->simpleQuery('SELECT *
FROM `books`
WHERE `$slug` = \'index\'
 LIMIT 1')
 3 SYSTEMPATH\Database\BaseBuilder.php(1616): CodeIgniter\Database\BaseConnection->query('SELECT *
FROM `books`
WHERE `$slug` = :$slug:
 LIMIT 1', [...], false)
 4 SYSTEMPATH\Model.php(270): CodeIgniter\Database\BaseBuilder->get()
 5 SYSTEMPATH\BaseModel.php(676): CodeIgniter\Model->doFirst()
 6 APPPATH\Models\BooksModel.php(18): CodeIgniter\BaseModel->first()
 7 APPPATH\Controllers\Books.php(32): App\Models\BooksModel->getBuku('index')
 8 SYSTEMPATH\CodeIgniter.php(941): App\Controllers\Books->detail('index')
 9 SYSTEMPATH\CodeIgniter.php(502): CodeIgniter\CodeIgniter->runController(Object(App\Controllers\Books))
10 SYSTEMPATH\CodeIgniter.php(361): CodeIgniter\CodeIgniter->handleRequest(null, Object(Config\Cache), false)
11 FCPATH\index.php(79): CodeIgniter\CodeIgniter->run()
12 SYSTEMPATH\Commands\Server\rewrite.php(47): require_once('C:\\Users\\user\\Semester-4\\Tugas 2\\ci4 news\\public\\index.php')
CRITICAL - 2024-04-06 05:07:24 --> [Caused by] mysqli_sql_exception: Unknown column '$slug' in 'where clause'
in SYSTEMPATH\Database\MySQLi\Connection.php on line 306.
 1 SYSTEMPATH\Database\MySQLi\Connection.php(306): mysqli->query('SELECT *
FROM `books`
WHERE `$slug` = \'index\'
 LIMIT 1', 0)
 2 SYSTEMPATH\Database\BaseConnection.php(693): CodeIgniter\Database\MySQLi\Connection->execute('SELECT *
FROM `books`
WHERE `$slug` = \'index\'
 LIMIT 1')
 3 SYSTEMPATH\Database\BaseConnection.php(607): CodeIgniter\Database\BaseConnection->simpleQuery('SELECT *
FROM `books`
WHERE `$slug` = \'index\'
 LIMIT 1')
 4 SYSTEMPATH\Database\BaseBuilder.php(1616): CodeIgniter\Database\BaseConnection->query('SELECT *
FROM `books`
WHERE `$slug` = :$slug:
 LIMIT 1', [...], false)
 5 SYSTEMPATH\Model.php(270): CodeIgniter\Database\BaseBuilder->get()
 6 SYSTEMPATH\BaseModel.php(676): CodeIgniter\Model->doFirst()
 7 APPPATH\Models\BooksModel.php(18): CodeIgniter\BaseModel->first()
 8 APPPATH\Controllers\Books.php(32): App\Models\BooksModel->getBuku('index')
 9 SYSTEMPATH\CodeIgniter.php(941): App\Controllers\Books->detail('index')
10 SYSTEMPATH\CodeIgniter.php(502): CodeIgniter\CodeIgniter->runController(Object(App\Controllers\Books))
11 SYSTEMPATH\CodeIgniter.php(361): CodeIgniter\CodeIgniter->handleRequest(null, Object(Config\Cache), false)
12 FCPATH\index.php(79): CodeIgniter\CodeIgniter->run()
13 SYSTEMPATH\Commands\Server\rewrite.php(47): require_once('C:\\Users\\user\\Semester-4\\Tugas 2\\ci4 news\\public\\index.php')
ERROR - 2024-04-06 05:07:31 --> mysqli_sql_exception: Unknown column '$slug' in 'where clause' in C:\Users\user\Semester-4\Tugas 2\ci4 news\system\Database\MySQLi\Connection.php:306
Stack trace:
#0 C:\Users\user\Semester-4\Tugas 2\ci4 news\system\Database\MySQLi\Connection.php(306): mysqli->query('SELECT *\nFROM `...', 0)
#1 C:\Users\user\Semester-4\Tugas 2\ci4 news\system\Database\BaseConnection.php(693): CodeIgniter\Database\MySQLi\Connection->execute('SELECT *\nFROM `...')
#2 C:\Users\user\Semester-4\Tugas 2\ci4 news\system\Database\BaseConnection.php(607): CodeIgniter\Database\BaseConnection->simpleQuery('SELECT *\nFROM `...')
#3 C:\Users\user\Semester-4\Tugas 2\ci4 news\system\Database\BaseBuilder.php(1616): CodeIgniter\Database\BaseConnection->query('SELECT *\nFROM `...', Array, false)
#4 C:\Users\user\Semester-4\Tugas 2\ci4 news\system\Model.php(270): CodeIgniter\Database\BaseBuilder->get()
#5 C:\Users\user\Semester-4\Tugas 2\ci4 news\system\BaseModel.php(676): CodeIgniter\Model->doFirst()
#6 C:\Users\user\Semester-4\Tugas 2\ci4 news\app\Models\BooksModel.php(18): CodeIgniter\BaseModel->first()
#7 C:\Users\user\Semester-4\Tugas 2\ci4 news\app\Controllers\Books.php(32): App\Models\BooksModel->getBuku('index')
#8 C:\Users\user\Semester-4\Tugas 2\ci4 news\system\CodeIgniter.php(941): App\Controllers\Books->detail('index')
#9 C:\Users\user\Semester-4\Tugas 2\ci4 news\system\CodeIgniter.php(502): CodeIgniter\CodeIgniter->runController(Object(App\Controllers\Books))
#10 C:\Users\user\Semester-4\Tugas 2\ci4 news\system\CodeIgniter.php(361): CodeIgniter\CodeIgniter->handleRequest(NULL, Object(Config\Cache), false)
#11 C:\Users\user\Semester-4\Tugas 2\ci4 news\public\index.php(79): CodeIgniter\CodeIgniter->run()
#12 C:\Users\user\Semester-4\Tugas 2\ci4 news\system\Commands\Server\rewrite.php(47): require_once('C:\\Users\\user\\S...')
#13 {main}
CRITICAL - 2024-04-06 05:07:31 --> CodeIgniter\Database\Exceptions\DatabaseException: Unknown column '$slug' in 'where clause'
in SYSTEMPATH\Database\BaseConnection.php on line 647.
 1 SYSTEMPATH\Database\BaseBuilder.php(1616): CodeIgniter\Database\BaseConnection->query('SELECT *
FROM `books`
WHERE `$slug` = :$slug:
 LIMIT 1', [...], false)
 2 SYSTEMPATH\Model.php(270): CodeIgniter\Database\BaseBuilder->get()
 3 SYSTEMPATH\BaseModel.php(676): CodeIgniter\Model->doFirst()
 4 APPPATH\Models\BooksModel.php(18): CodeIgniter\BaseModel->first()
 5 APPPATH\Controllers\Books.php(32): App\Models\BooksModel->getBuku('index')
 6 SYSTEMPATH\CodeIgniter.php(941): App\Controllers\Books->detail('index')
 7 SYSTEMPATH\CodeIgniter.php(502): CodeIgniter\CodeIgniter->runController(Object(App\Controllers\Books))
 8 SYSTEMPATH\CodeIgniter.php(361): CodeIgniter\CodeIgniter->handleRequest(null, Object(Config\Cache), false)
 9 FCPATH\index.php(79): CodeIgniter\CodeIgniter->run()
10 SYSTEMPATH\Commands\Server\rewrite.php(47): require_once('C:\\Users\\user\\Semester-4\\Tugas 2\\ci4 news\\public\\index.php')
CRITICAL - 2024-04-06 05:07:31 --> [Caused by] CodeIgniter\Database\Exceptions\DatabaseException: Unknown column '$slug' in 'where clause'
in SYSTEMPATH\Database\MySQLi\Connection.php on line 311.
 1 SYSTEMPATH\Database\BaseConnection.php(693): CodeIgniter\Database\MySQLi\Connection->execute('SELECT *
FROM `books`
WHERE `$slug` = \'index\'
 LIMIT 1')
 2 SYSTEMPATH\Database\BaseConnection.php(607): CodeIgniter\Database\BaseConnection->simpleQuery('SELECT *
FROM `books`
WHERE `$slug` = \'index\'
 LIMIT 1')
 3 SYSTEMPATH\Database\BaseBuilder.php(1616): CodeIgniter\Database\BaseConnection->query('SELECT *
FROM `books`
WHERE `$slug` = :$slug:
 LIMIT 1', [...], false)
 4 SYSTEMPATH\Model.php(270): CodeIgniter\Database\BaseBuilder->get()
 5 SYSTEMPATH\BaseModel.php(676): CodeIgniter\Model->doFirst()
 6 APPPATH\Models\BooksModel.php(18): CodeIgniter\BaseModel->first()
 7 APPPATH\Controllers\Books.php(32): App\Models\BooksModel->getBuku('index')
 8 SYSTEMPATH\CodeIgniter.php(941): App\Controllers\Books->detail('index')
 9 SYSTEMPATH\CodeIgniter.php(502): CodeIgniter\CodeIgniter->runController(Object(App\Controllers\Books))
10 SYSTEMPATH\CodeIgniter.php(361): CodeIgniter\CodeIgniter->handleRequest(null, Object(Config\Cache), false)
11 FCPATH\index.php(79): CodeIgniter\CodeIgniter->run()
12 SYSTEMPATH\Commands\Server\rewrite.php(47): require_once('C:\\Users\\user\\Semester-4\\Tugas 2\\ci4 news\\public\\index.php')
CRITICAL - 2024-04-06 05:07:31 --> [Caused by] mysqli_sql_exception: Unknown column '$slug' in 'where clause'
in SYSTEMPATH\Database\MySQLi\Connection.php on line 306.
 1 SYSTEMPATH\Database\MySQLi\Connection.php(306): mysqli->query('SELECT *
FROM `books`
WHERE `$slug` = \'index\'
 LIMIT 1', 0)
 2 SYSTEMPATH\Database\BaseConnection.php(693): CodeIgniter\Database\MySQLi\Connection->execute('SELECT *
FROM `books`
WHERE `$slug` = \'index\'
 LIMIT 1')
 3 SYSTEMPATH\Database\BaseConnection.php(607): CodeIgniter\Database\BaseConnection->simpleQuery('SELECT *
FROM `books`
WHERE `$slug` = \'index\'
 LIMIT 1')
 4 SYSTEMPATH\Database\BaseBuilder.php(1616): CodeIgniter\Database\BaseConnection->query('SELECT *
FROM `books`
WHERE `$slug` = :$slug:
 LIMIT 1', [...], false)
 5 SYSTEMPATH\Model.php(270): CodeIgniter\Database\BaseBuilder->get()
 6 SYSTEMPATH\BaseModel.php(676): CodeIgniter\Model->doFirst()
 7 APPPATH\Models\BooksModel.php(18): CodeIgniter\BaseModel->first()
 8 APPPATH\Controllers\Books.php(32): App\Models\BooksModel->getBuku('index')
 9 SYSTEMPATH\CodeIgniter.php(941): App\Controllers\Books->detail('index')
10 SYSTEMPATH\CodeIgniter.php(502): CodeIgniter\CodeIgniter->runController(Object(App\Controllers\Books))
11 SYSTEMPATH\CodeIgniter.php(361): CodeIgniter\CodeIgniter->handleRequest(null, Object(Config\Cache), false)
12 FCPATH\index.php(79): CodeIgniter\CodeIgniter->run()
13 SYSTEMPATH\Commands\Server\rewrite.php(47): require_once('C:\\Users\\user\\Semester-4\\Tugas 2\\ci4 news\\public\\index.php')
ERROR - 2024-04-06 05:10:19 --> mysqli_sql_exception: Unknown column '$slug' in 'where clause' in C:\Users\user\Semester-4\Tugas 2\ci4 news\system\Database\MySQLi\Connection.php:306
Stack trace:
#0 C:\Users\user\Semester-4\Tugas 2\ci4 news\system\Database\MySQLi\Connection.php(306): mysqli->query('SELECT *\nFROM `...', 0)
#1 C:\Users\user\Semester-4\Tugas 2\ci4 news\system\Database\BaseConnection.php(693): CodeIgniter\Database\MySQLi\Connection->execute('SELECT *\nFROM `...')
#2 C:\Users\user\Semester-4\Tugas 2\ci4 news\system\Database\BaseConnection.php(607): CodeIgniter\Database\BaseConnection->simpleQuery('SELECT *\nFROM `...')
#3 C:\Users\user\Semester-4\Tugas 2\ci4 news\system\Database\BaseBuilder.php(1616): CodeIgniter\Database\BaseConnection->query('SELECT *\nFROM `...', Array, false)
#4 C:\Users\user\Semester-4\Tugas 2\ci4 news\system\Model.php(270): CodeIgniter\Database\BaseBuilder->get()
#5 C:\Users\user\Semester-4\Tugas 2\ci4 news\system\BaseModel.php(676): CodeIgniter\Model->doFirst()
#6 C:\Users\user\Semester-4\Tugas 2\ci4 news\app\Models\BooksModel.php(18): CodeIgniter\BaseModel->first()
#7 C:\Users\user\Semester-4\Tugas 2\ci4 news\app\Controllers\Books.php(32): App\Models\BooksModel->getBuku('index')
#8 C:\Users\user\Semester-4\Tugas 2\ci4 news\system\CodeIgniter.php(941): App\Controllers\Books->detail('index')
#9 C:\Users\user\Semester-4\Tugas 2\ci4 news\system\CodeIgniter.php(502): CodeIgniter\CodeIgniter->runController(Object(App\Controllers\Books))
#10 C:\Users\user\Semester-4\Tugas 2\ci4 news\system\CodeIgniter.php(361): CodeIgniter\CodeIgniter->handleRequest(NULL, Object(Config\Cache), false)
#11 C:\Users\user\Semester-4\Tugas 2\ci4 news\public\index.php(79): CodeIgniter\CodeIgniter->run()
#12 C:\Users\user\Semester-4\Tugas 2\ci4 news\system\Commands\Server\rewrite.php(47): require_once('C:\\Users\\user\\S...')
#13 {main}
CRITICAL - 2024-04-06 05:10:19 --> CodeIgniter\Database\Exceptions\DatabaseException: Unknown column '$slug' in 'where clause'
in SYSTEMPATH\Database\BaseConnection.php on line 647.
 1 SYSTEMPATH\Database\BaseBuilder.php(1616): CodeIgniter\Database\BaseConnection->query('SELECT *
FROM `books`
WHERE `$slug` = :$slug:
 LIMIT 1', [...], false)
 2 SYSTEMPATH\Model.php(270): CodeIgniter\Database\BaseBuilder->get()
 3 SYSTEMPATH\BaseModel.php(676): CodeIgniter\Model->doFirst()
 4 APPPATH\Models\BooksModel.php(18): CodeIgniter\BaseModel->first()
 5 APPPATH\Controllers\Books.php(32): App\Models\BooksModel->getBuku('index')
 6 SYSTEMPATH\CodeIgniter.php(941): App\Controllers\Books->detail('index')
 7 SYSTEMPATH\CodeIgniter.php(502): CodeIgniter\CodeIgniter->runController(Object(App\Controllers\Books))
 8 SYSTEMPATH\CodeIgniter.php(361): CodeIgniter\CodeIgniter->handleRequest(null, Object(Config\Cache), false)
 9 FCPATH\index.php(79): CodeIgniter\CodeIgniter->run()
10 SYSTEMPATH\Commands\Server\rewrite.php(47): require_once('C:\\Users\\user\\Semester-4\\Tugas 2\\ci4 news\\public\\index.php')
CRITICAL - 2024-04-06 05:10:19 --> [Caused by] CodeIgniter\Database\Exceptions\DatabaseException: Unknown column '$slug' in 'where clause'
in SYSTEMPATH\Database\MySQLi\Connection.php on line 311.
 1 SYSTEMPATH\Database\BaseConnection.php(693): CodeIgniter\Database\MySQLi\Connection->execute('SELECT *
FROM `books`
WHERE `$slug` = \'index\'
 LIMIT 1')
 2 SYSTEMPATH\Database\BaseConnection.php(607): CodeIgniter\Database\BaseConnection->simpleQuery('SELECT *
FROM `books`
WHERE `$slug` = \'index\'
 LIMIT 1')
 3 SYSTEMPATH\Database\BaseBuilder.php(1616): CodeIgniter\Database\BaseConnection->query('SELECT *
FROM `books`
WHERE `$slug` = :$slug:
 LIMIT 1', [...], false)
 4 SYSTEMPATH\Model.php(270): CodeIgniter\Database\BaseBuilder->get()
 5 SYSTEMPATH\BaseModel.php(676): CodeIgniter\Model->doFirst()
 6 APPPATH\Models\BooksModel.php(18): CodeIgniter\BaseModel->first()
 7 APPPATH\Controllers\Books.php(32): App\Models\BooksModel->getBuku('index')
 8 SYSTEMPATH\CodeIgniter.php(941): App\Controllers\Books->detail('index')
 9 SYSTEMPATH\CodeIgniter.php(502): CodeIgniter\CodeIgniter->runController(Object(App\Controllers\Books))
10 SYSTEMPATH\CodeIgniter.php(361): CodeIgniter\CodeIgniter->handleRequest(null, Object(Config\Cache), false)
11 FCPATH\index.php(79): CodeIgniter\CodeIgniter->run()
12 SYSTEMPATH\Commands\Server\rewrite.php(47): require_once('C:\\Users\\user\\Semester-4\\Tugas 2\\ci4 news\\public\\index.php')
CRITICAL - 2024-04-06 05:10:19 --> [Caused by] mysqli_sql_exception: Unknown column '$slug' in 'where clause'
in SYSTEMPATH\Database\MySQLi\Connection.php on line 306.
 1 SYSTEMPATH\Database\MySQLi\Connection.php(306): mysqli->query('SELECT *
FROM `books`
WHERE `$slug` = \'index\'
 LIMIT 1', 0)
 2 SYSTEMPATH\Database\BaseConnection.php(693): CodeIgniter\Database\MySQLi\Connection->execute('SELECT *
FROM `books`
WHERE `$slug` = \'index\'
 LIMIT 1')
 3 SYSTEMPATH\Database\BaseConnection.php(607): CodeIgniter\Database\BaseConnection->simpleQuery('SELECT *
FROM `books`
WHERE `$slug` = \'index\'
 LIMIT 1')
 4 SYSTEMPATH\Database\BaseBuilder.php(1616): CodeIgniter\Database\BaseConnection->query('SELECT *
FROM `books`
WHERE `$slug` = :$slug:
 LIMIT 1', [...], false)
 5 SYSTEMPATH\Model.php(270): CodeIgniter\Database\BaseBuilder->get()
 6 SYSTEMPATH\BaseModel.php(676): CodeIgniter\Model->doFirst()
 7 APPPATH\Models\BooksModel.php(18): CodeIgniter\BaseModel->first()
 8 APPPATH\Controllers\Books.php(32): App\Models\BooksModel->getBuku('index')
 9 SYSTEMPATH\CodeIgniter.php(941): App\Controllers\Books->detail('index')
10 SYSTEMPATH\CodeIgniter.php(502): CodeIgniter\CodeIgniter->runController(Object(App\Controllers\Books))
11 SYSTEMPATH\CodeIgniter.php(361): CodeIgniter\CodeIgniter->handleRequest(null, Object(Config\Cache), false)
12 FCPATH\index.php(79): CodeIgniter\CodeIgniter->run()
13 SYSTEMPATH\Commands\Server\rewrite.php(47): require_once('C:\\Users\\user\\Semester-4\\Tugas 2\\ci4 news\\public\\index.php')
ERROR - 2024-04-06 05:10:21 --> mysqli_sql_exception: Unknown column '$slug' in 'where clause' in C:\Users\user\Semester-4\Tugas 2\ci4 news\system\Database\MySQLi\Connection.php:306
Stack trace:
#0 C:\Users\user\Semester-4\Tugas 2\ci4 news\system\Database\MySQLi\Connection.php(306): mysqli->query('SELECT *\nFROM `...', 0)
#1 C:\Users\user\Semester-4\Tugas 2\ci4 news\system\Database\BaseConnection.php(693): CodeIgniter\Database\MySQLi\Connection->execute('SELECT *\nFROM `...')
#2 C:\Users\user\Semester-4\Tugas 2\ci4 news\system\Database\BaseConnection.php(607): CodeIgniter\Database\BaseConnection->simpleQuery('SELECT *\nFROM `...')
#3 C:\Users\user\Semester-4\Tugas 2\ci4 news\system\Database\BaseBuilder.php(1616): CodeIgniter\Database\BaseConnection->query('SELECT *\nFROM `...', Array, false)
#4 C:\Users\user\Semester-4\Tugas 2\ci4 news\system\Model.php(270): CodeIgniter\Database\BaseBuilder->get()
#5 C:\Users\user\Semester-4\Tugas 2\ci4 news\system\BaseModel.php(676): CodeIgniter\Model->doFirst()
#6 C:\Users\user\Semester-4\Tugas 2\ci4 news\app\Models\BooksModel.php(18): CodeIgniter\BaseModel->first()
#7 C:\Users\user\Semester-4\Tugas 2\ci4 news\app\Controllers\Books.php(32): App\Models\BooksModel->getBuku('index')
#8 C:\Users\user\Semester-4\Tugas 2\ci4 news\system\CodeIgniter.php(941): App\Controllers\Books->detail('index')
#9 C:\Users\user\Semester-4\Tugas 2\ci4 news\system\CodeIgniter.php(502): CodeIgniter\CodeIgniter->runController(Object(App\Controllers\Books))
#10 C:\Users\user\Semester-4\Tugas 2\ci4 news\system\CodeIgniter.php(361): CodeIgniter\CodeIgniter->handleRequest(NULL, Object(Config\Cache), false)
#11 C:\Users\user\Semester-4\Tugas 2\ci4 news\public\index.php(79): CodeIgniter\CodeIgniter->run()
#12 C:\Users\user\Semester-4\Tugas 2\ci4 news\system\Commands\Server\rewrite.php(47): require_once('C:\\Users\\user\\S...')
#13 {main}
CRITICAL - 2024-04-06 05:10:21 --> CodeIgniter\Database\Exceptions\DatabaseException: Unknown column '$slug' in 'where clause'
in SYSTEMPATH\Database\BaseConnection.php on line 647.
 1 SYSTEMPATH\Database\BaseBuilder.php(1616): CodeIgniter\Database\BaseConnection->query('SELECT *
FROM `books`
WHERE `$slug` = :$slug:
 LIMIT 1', [...], false)
 2 SYSTEMPATH\Model.php(270): CodeIgniter\Database\BaseBuilder->get()
 3 SYSTEMPATH\BaseModel.php(676): CodeIgniter\Model->doFirst()
 4 APPPATH\Models\BooksModel.php(18): CodeIgniter\BaseModel->first()
 5 APPPATH\Controllers\Books.php(32): App\Models\BooksModel->getBuku('index')
 6 SYSTEMPATH\CodeIgniter.php(941): App\Controllers\Books->detail('index')
 7 SYSTEMPATH\CodeIgniter.php(502): CodeIgniter\CodeIgniter->runController(Object(App\Controllers\Books))
 8 SYSTEMPATH\CodeIgniter.php(361): CodeIgniter\CodeIgniter->handleRequest(null, Object(Config\Cache), false)
 9 FCPATH\index.php(79): CodeIgniter\CodeIgniter->run()
10 SYSTEMPATH\Commands\Server\rewrite.php(47): require_once('C:\\Users\\user\\Semester-4\\Tugas 2\\ci4 news\\public\\index.php')
CRITICAL - 2024-04-06 05:10:21 --> [Caused by] CodeIgniter\Database\Exceptions\DatabaseException: Unknown column '$slug' in 'where clause'
in SYSTEMPATH\Database\MySQLi\Connection.php on line 311.
 1 SYSTEMPATH\Database\BaseConnection.php(693): CodeIgniter\Database\MySQLi\Connection->execute('SELECT *
FROM `books`
WHERE `$slug` = \'index\'
 LIMIT 1')
 2 SYSTEMPATH\Database\BaseConnection.php(607): CodeIgniter\Database\BaseConnection->simpleQuery('SELECT *
FROM `books`
WHERE `$slug` = \'index\'
 LIMIT 1')
 3 SYSTEMPATH\Database\BaseBuilder.php(1616): CodeIgniter\Database\BaseConnection->query('SELECT *
FROM `books`
WHERE `$slug` = :$slug:
 LIMIT 1', [...], false)
 4 SYSTEMPATH\Model.php(270): CodeIgniter\Database\BaseBuilder->get()
 5 SYSTEMPATH\BaseModel.php(676): CodeIgniter\Model->doFirst()
 6 APPPATH\Models\BooksModel.php(18): CodeIgniter\BaseModel->first()
 7 APPPATH\Controllers\Books.php(32): App\Models\BooksModel->getBuku('index')
 8 SYSTEMPATH\CodeIgniter.php(941): App\Controllers\Books->detail('index')
 9 SYSTEMPATH\CodeIgniter.php(502): CodeIgniter\CodeIgniter->runController(Object(App\Controllers\Books))
10 SYSTEMPATH\CodeIgniter.php(361): CodeIgniter\CodeIgniter->handleRequest(null, Object(Config\Cache), false)
11 FCPATH\index.php(79): CodeIgniter\CodeIgniter->run()
12 SYSTEMPATH\Commands\Server\rewrite.php(47): require_once('C:\\Users\\user\\Semester-4\\Tugas 2\\ci4 news\\public\\index.php')
CRITICAL - 2024-04-06 05:10:21 --> [Caused by] mysqli_sql_exception: Unknown column '$slug' in 'where clause'
in SYSTEMPATH\Database\MySQLi\Connection.php on line 306.
 1 SYSTEMPATH\Database\MySQLi\Connection.php(306): mysqli->query('SELECT *
FROM `books`
WHERE `$slug` = \'index\'
 LIMIT 1', 0)
 2 SYSTEMPATH\Database\BaseConnection.php(693): CodeIgniter\Database\MySQLi\Connection->execute('SELECT *
FROM `books`
WHERE `$slug` = \'index\'
 LIMIT 1')
 3 SYSTEMPATH\Database\BaseConnection.php(607): CodeIgniter\Database\BaseConnection->simpleQuery('SELECT *
FROM `books`
WHERE `$slug` = \'index\'
 LIMIT 1')
 4 SYSTEMPATH\Database\BaseBuilder.php(1616): CodeIgniter\Database\BaseConnection->query('SELECT *
FROM `books`
WHERE `$slug` = :$slug:
 LIMIT 1', [...], false)
 5 SYSTEMPATH\Model.php(270): CodeIgniter\Database\BaseBuilder->get()
 6 SYSTEMPATH\BaseModel.php(676): CodeIgniter\Model->doFirst()
 7 APPPATH\Models\BooksModel.php(18): CodeIgniter\BaseModel->first()
 8 APPPATH\Controllers\Books.php(32): App\Models\BooksModel->getBuku('index')
 9 SYSTEMPATH\CodeIgniter.php(941): App\Controllers\Books->detail('index')
10 SYSTEMPATH\CodeIgniter.php(502): CodeIgniter\CodeIgniter->runController(Object(App\Controllers\Books))
11 SYSTEMPATH\CodeIgniter.php(361): CodeIgniter\CodeIgniter->handleRequest(null, Object(Config\Cache), false)
12 FCPATH\index.php(79): CodeIgniter\CodeIgniter->run()
13 SYSTEMPATH\Commands\Server\rewrite.php(47): require_once('C:\\Users\\user\\Semester-4\\Tugas 2\\ci4 news\\public\\index.php')
ERROR - 2024-04-06 05:10:22 --> mysqli_sql_exception: Unknown column '$slug' in 'where clause' in C:\Users\user\Semester-4\Tugas 2\ci4 news\system\Database\MySQLi\Connection.php:306
Stack trace:
#0 C:\Users\user\Semester-4\Tugas 2\ci4 news\system\Database\MySQLi\Connection.php(306): mysqli->query('SELECT *\nFROM `...', 0)
#1 C:\Users\user\Semester-4\Tugas 2\ci4 news\system\Database\BaseConnection.php(693): CodeIgniter\Database\MySQLi\Connection->execute('SELECT *\nFROM `...')
#2 C:\Users\user\Semester-4\Tugas 2\ci4 news\system\Database\BaseConnection.php(607): CodeIgniter\Database\BaseConnection->simpleQuery('SELECT *\nFROM `...')
#3 C:\Users\user\Semester-4\Tugas 2\ci4 news\system\Database\BaseBuilder.php(1616): CodeIgniter\Database\BaseConnection->query('SELECT *\nFROM `...', Array, false)
#4 C:\Users\user\Semester-4\Tugas 2\ci4 news\system\Model.php(270): CodeIgniter\Database\BaseBuilder->get()
#5 C:\Users\user\Semester-4\Tugas 2\ci4 news\system\BaseModel.php(676): CodeIgniter\Model->doFirst()
#6 C:\Users\user\Semester-4\Tugas 2\ci4 news\app\Models\BooksModel.php(18): CodeIgniter\BaseModel->first()
#7 C:\Users\user\Semester-4\Tugas 2\ci4 news\app\Controllers\Books.php(32): App\Models\BooksModel->getBuku('index')
#8 C:\Users\user\Semester-4\Tugas 2\ci4 news\system\CodeIgniter.php(941): App\Controllers\Books->detail('index')
#9 C:\Users\user\Semester-4\Tugas 2\ci4 news\system\CodeIgniter.php(502): CodeIgniter\CodeIgniter->runController(Object(App\Controllers\Books))
#10 C:\Users\user\Semester-4\Tugas 2\ci4 news\system\CodeIgniter.php(361): CodeIgniter\CodeIgniter->handleRequest(NULL, Object(Config\Cache), false)
#11 C:\Users\user\Semester-4\Tugas 2\ci4 news\public\index.php(79): CodeIgniter\CodeIgniter->run()
#12 C:\Users\user\Semester-4\Tugas 2\ci4 news\system\Commands\Server\rewrite.php(47): require_once('C:\\Users\\user\\S...')
#13 {main}
CRITICAL - 2024-04-06 05:10:22 --> CodeIgniter\Database\Exceptions\DatabaseException: Unknown column '$slug' in 'where clause'
in SYSTEMPATH\Database\BaseConnection.php on line 647.
 1 SYSTEMPATH\Database\BaseBuilder.php(1616): CodeIgniter\Database\BaseConnection->query('SELECT *
FROM `books`
WHERE `$slug` = :$slug:
 LIMIT 1', [...], false)
 2 SYSTEMPATH\Model.php(270): CodeIgniter\Database\BaseBuilder->get()
 3 SYSTEMPATH\BaseModel.php(676): CodeIgniter\Model->doFirst()
 4 APPPATH\Models\BooksModel.php(18): CodeIgniter\BaseModel->first()
 5 APPPATH\Controllers\Books.php(32): App\Models\BooksModel->getBuku('index')
 6 SYSTEMPATH\CodeIgniter.php(941): App\Controllers\Books->detail('index')
 7 SYSTEMPATH\CodeIgniter.php(502): CodeIgniter\CodeIgniter->runController(Object(App\Controllers\Books))
 8 SYSTEMPATH\CodeIgniter.php(361): CodeIgniter\CodeIgniter->handleRequest(null, Object(Config\Cache), false)
 9 FCPATH\index.php(79): CodeIgniter\CodeIgniter->run()
10 SYSTEMPATH\Commands\Server\rewrite.php(47): require_once('C:\\Users\\user\\Semester-4\\Tugas 2\\ci4 news\\public\\index.php')
CRITICAL - 2024-04-06 05:10:22 --> [Caused by] CodeIgniter\Database\Exceptions\DatabaseException: Unknown column '$slug' in 'where clause'
in SYSTEMPATH\Database\MySQLi\Connection.php on line 311.
 1 SYSTEMPATH\Database\BaseConnection.php(693): CodeIgniter\Database\MySQLi\Connection->execute('SELECT *
FROM `books`
WHERE `$slug` = \'index\'
 LIMIT 1')
 2 SYSTEMPATH\Database\BaseConnection.php(607): CodeIgniter\Database\BaseConnection->simpleQuery('SELECT *
FROM `books`
WHERE `$slug` = \'index\'
 LIMIT 1')
 3 SYSTEMPATH\Database\BaseBuilder.php(1616): CodeIgniter\Database\BaseConnection->query('SELECT *
FROM `books`
WHERE `$slug` = :$slug:
 LIMIT 1', [...], false)
 4 SYSTEMPATH\Model.php(270): CodeIgniter\Database\BaseBuilder->get()
 5 SYSTEMPATH\BaseModel.php(676): CodeIgniter\Model->doFirst()
 6 APPPATH\Models\BooksModel.php(18): CodeIgniter\BaseModel->first()
 7 APPPATH\Controllers\Books.php(32): App\Models\BooksModel->getBuku('index')
 8 SYSTEMPATH\CodeIgniter.php(941): App\Controllers\Books->detail('index')
 9 SYSTEMPATH\CodeIgniter.php(502): CodeIgniter\CodeIgniter->runController(Object(App\Controllers\Books))
10 SYSTEMPATH\CodeIgniter.php(361): CodeIgniter\CodeIgniter->handleRequest(null, Object(Config\Cache), false)
11 FCPATH\index.php(79): CodeIgniter\CodeIgniter->run()
12 SYSTEMPATH\Commands\Server\rewrite.php(47): require_once('C:\\Users\\user\\Semester-4\\Tugas 2\\ci4 news\\public\\index.php')
CRITICAL - 2024-04-06 05:10:22 --> [Caused by] mysqli_sql_exception: Unknown column '$slug' in 'where clause'
in SYSTEMPATH\Database\MySQLi\Connection.php on line 306.
 1 SYSTEMPATH\Database\MySQLi\Connection.php(306): mysqli->query('SELECT *
FROM `books`
WHERE `$slug` = \'index\'
 LIMIT 1', 0)
 2 SYSTEMPATH\Database\BaseConnection.php(693): CodeIgniter\Database\MySQLi\Connection->execute('SELECT *
FROM `books`
WHERE `$slug` = \'index\'
 LIMIT 1')
 3 SYSTEMPATH\Database\BaseConnection.php(607): CodeIgniter\Database\BaseConnection->simpleQuery('SELECT *
FROM `books`
WHERE `$slug` = \'index\'
 LIMIT 1')
 4 SYSTEMPATH\Database\BaseBuilder.php(1616): CodeIgniter\Database\BaseConnection->query('SELECT *
FROM `books`
WHERE `$slug` = :$slug:
 LIMIT 1', [...], false)
 5 SYSTEMPATH\Model.php(270): CodeIgniter\Database\BaseBuilder->get()
 6 SYSTEMPATH\BaseModel.php(676): CodeIgniter\Model->doFirst()
 7 APPPATH\Models\BooksModel.php(18): CodeIgniter\BaseModel->first()
 8 APPPATH\Controllers\Books.php(32): App\Models\BooksModel->getBuku('index')
 9 SYSTEMPATH\CodeIgniter.php(941): App\Controllers\Books->detail('index')
10 SYSTEMPATH\CodeIgniter.php(502): CodeIgniter\CodeIgniter->runController(Object(App\Controllers\Books))
11 SYSTEMPATH\CodeIgniter.php(361): CodeIgniter\CodeIgniter->handleRequest(null, Object(Config\Cache), false)
12 FCPATH\index.php(79): CodeIgniter\CodeIgniter->run()
13 SYSTEMPATH\Commands\Server\rewrite.php(47): require_once('C:\\Users\\user\\Semester-4\\Tugas 2\\ci4 news\\public\\index.php')
ERROR - 2024-04-06 05:10:22 --> mysqli_sql_exception: Unknown column '$slug' in 'where clause' in C:\Users\user\Semester-4\Tugas 2\ci4 news\system\Database\MySQLi\Connection.php:306
Stack trace:
#0 C:\Users\user\Semester-4\Tugas 2\ci4 news\system\Database\MySQLi\Connection.php(306): mysqli->query('SELECT *\nFROM `...', 0)
#1 C:\Users\user\Semester-4\Tugas 2\ci4 news\system\Database\BaseConnection.php(693): CodeIgniter\Database\MySQLi\Connection->execute('SELECT *\nFROM `...')
#2 C:\Users\user\Semester-4\Tugas 2\ci4 news\system\Database\BaseConnection.php(607): CodeIgniter\Database\BaseConnection->simpleQuery('SELECT *\nFROM `...')
#3 C:\Users\user\Semester-4\Tugas 2\ci4 news\system\Database\BaseBuilder.php(1616): CodeIgniter\Database\BaseConnection->query('SELECT *\nFROM `...', Array, false)
#4 C:\Users\user\Semester-4\Tugas 2\ci4 news\system\Model.php(270): CodeIgniter\Database\BaseBuilder->get()
#5 C:\Users\user\Semester-4\Tugas 2\ci4 news\system\BaseModel.php(676): CodeIgniter\Model->doFirst()
#6 C:\Users\user\Semester-4\Tugas 2\ci4 news\app\Models\BooksModel.php(18): CodeIgniter\BaseModel->first()
#7 C:\Users\user\Semester-4\Tugas 2\ci4 news\app\Controllers\Books.php(32): App\Models\BooksModel->getBuku('index')
#8 C:\Users\user\Semester-4\Tugas 2\ci4 news\system\CodeIgniter.php(941): App\Controllers\Books->detail('index')
#9 C:\Users\user\Semester-4\Tugas 2\ci4 news\system\CodeIgniter.php(502): CodeIgniter\CodeIgniter->runController(Object(App\Controllers\Books))
#10 C:\Users\user\Semester-4\Tugas 2\ci4 news\system\CodeIgniter.php(361): CodeIgniter\CodeIgniter->handleRequest(NULL, Object(Config\Cache), false)
#11 C:\Users\user\Semester-4\Tugas 2\ci4 news\public\index.php(79): CodeIgniter\CodeIgniter->run()
#12 C:\Users\user\Semester-4\Tugas 2\ci4 news\system\Commands\Server\rewrite.php(47): require_once('C:\\Users\\user\\S...')
#13 {main}
CRITICAL - 2024-04-06 05:10:22 --> CodeIgniter\Database\Exceptions\DatabaseException: Unknown column '$slug' in 'where clause'
in SYSTEMPATH\Database\BaseConnection.php on line 647.
 1 SYSTEMPATH\Database\BaseBuilder.php(1616): CodeIgniter\Database\BaseConnection->query('SELECT *
FROM `books`
WHERE `$slug` = :$slug:
 LIMIT 1', [...], false)
 2 SYSTEMPATH\Model.php(270): CodeIgniter\Database\BaseBuilder->get()
 3 SYSTEMPATH\BaseModel.php(676): CodeIgniter\Model->doFirst()
 4 APPPATH\Models\BooksModel.php(18): CodeIgniter\BaseModel->first()
 5 APPPATH\Controllers\Books.php(32): App\Models\BooksModel->getBuku('index')
 6 SYSTEMPATH\CodeIgniter.php(941): App\Controllers\Books->detail('index')
 7 SYSTEMPATH\CodeIgniter.php(502): CodeIgniter\CodeIgniter->runController(Object(App\Controllers\Books))
 8 SYSTEMPATH\CodeIgniter.php(361): CodeIgniter\CodeIgniter->handleRequest(null, Object(Config\Cache), false)
 9 FCPATH\index.php(79): CodeIgniter\CodeIgniter->run()
10 SYSTEMPATH\Commands\Server\rewrite.php(47): require_once('C:\\Users\\user\\Semester-4\\Tugas 2\\ci4 news\\public\\index.php')
CRITICAL - 2024-04-06 05:10:22 --> [Caused by] CodeIgniter\Database\Exceptions\DatabaseException: Unknown column '$slug' in 'where clause'
in SYSTEMPATH\Database\MySQLi\Connection.php on line 311.
 1 SYSTEMPATH\Database\BaseConnection.php(693): CodeIgniter\Database\MySQLi\Connection->execute('SELECT *
FROM `books`
WHERE `$slug` = \'index\'
 LIMIT 1')
 2 SYSTEMPATH\Database\BaseConnection.php(607): CodeIgniter\Database\BaseConnection->simpleQuery('SELECT *
FROM `books`
WHERE `$slug` = \'index\'
 LIMIT 1')
 3 SYSTEMPATH\Database\BaseBuilder.php(1616): CodeIgniter\Database\BaseConnection->query('SELECT *
FROM `books`
WHERE `$slug` = :$slug:
 LIMIT 1', [...], false)
 4 SYSTEMPATH\Model.php(270): CodeIgniter\Database\BaseBuilder->get()
 5 SYSTEMPATH\BaseModel.php(676): CodeIgniter\Model->doFirst()
 6 APPPATH\Models\BooksModel.php(18): CodeIgniter\BaseModel->first()
 7 APPPATH\Controllers\Books.php(32): App\Models\BooksModel->getBuku('index')
 8 SYSTEMPATH\CodeIgniter.php(941): App\Controllers\Books->detail('index')
 9 SYSTEMPATH\CodeIgniter.php(502): CodeIgniter\CodeIgniter->runController(Object(App\Controllers\Books))
10 SYSTEMPATH\CodeIgniter.php(361): CodeIgniter\CodeIgniter->handleRequest(null, Object(Config\Cache), false)
11 FCPATH\index.php(79): CodeIgniter\CodeIgniter->run()
12 SYSTEMPATH\Commands\Server\rewrite.php(47): require_once('C:\\Users\\user\\Semester-4\\Tugas 2\\ci4 news\\public\\index.php')
CRITICAL - 2024-04-06 05:10:22 --> [Caused by] mysqli_sql_exception: Unknown column '$slug' in 'where clause'
in SYSTEMPATH\Database\MySQLi\Connection.php on line 306.
 1 SYSTEMPATH\Database\MySQLi\Connection.php(306): mysqli->query('SELECT *
FROM `books`
WHERE `$slug` = \'index\'
 LIMIT 1', 0)
 2 SYSTEMPATH\Database\BaseConnection.php(693): CodeIgniter\Database\MySQLi\Connection->execute('SELECT *
FROM `books`
WHERE `$slug` = \'index\'
 LIMIT 1')
 3 SYSTEMPATH\Database\BaseConnection.php(607): CodeIgniter\Database\BaseConnection->simpleQuery('SELECT *
FROM `books`
WHERE `$slug` = \'index\'
 LIMIT 1')
 4 SYSTEMPATH\Database\BaseBuilder.php(1616): CodeIgniter\Database\BaseConnection->query('SELECT *
FROM `books`
WHERE `$slug` = :$slug:
 LIMIT 1', [...], false)
 5 SYSTEMPATH\Model.php(270): CodeIgniter\Database\BaseBuilder->get()
 6 SYSTEMPATH\BaseModel.php(676): CodeIgniter\Model->doFirst()
 7 APPPATH\Models\BooksModel.php(18): CodeIgniter\BaseModel->first()
 8 APPPATH\Controllers\Books.php(32): App\Models\BooksModel->getBuku('index')
 9 SYSTEMPATH\CodeIgniter.php(941): App\Controllers\Books->detail('index')
10 SYSTEMPATH\CodeIgniter.php(502): CodeIgniter\CodeIgniter->runController(Object(App\Controllers\Books))
11 SYSTEMPATH\CodeIgniter.php(361): CodeIgniter\CodeIgniter->handleRequest(null, Object(Config\Cache), false)
12 FCPATH\index.php(79): CodeIgniter\CodeIgniter->run()
13 SYSTEMPATH\Commands\Server\rewrite.php(47): require_once('C:\\Users\\user\\Semester-4\\Tugas 2\\ci4 news\\public\\index.php')
CRITICAL - 2024-04-06 05:11:26 --> ErrorException: Trying to access array offset on value of type null
in APPPATH\Views\books\detail.php on line 11.
 1 APPPATH\Views\books\detail.php(11): CodeIgniter\Debug\Exceptions->errorHandler(2, 'Trying to access array offset on value of type null', 'C:\\Users\\user\\Semester-4\\Tugas 2\\ci4 news\\app\\Views\\books\\detail.php', 11)
 2 SYSTEMPATH\View\View.php(228): include('C:\\Users\\user\\Semester-4\\Tugas 2\\ci4 news\\app\\Views\\books\\detail.php')
 3 SYSTEMPATH\View\View.php(231): CodeIgniter\View\View->CodeIgniter\View\{closure}()
 4 SYSTEMPATH\Common.php(1178): CodeIgniter\View\View->render('books/detail', [], true)
 5 APPPATH\Controllers\Books.php(34): view('books/detail', [...])
 6 SYSTEMPATH\CodeIgniter.php(941): App\Controllers\Books->detail('index')
 7 SYSTEMPATH\CodeIgniter.php(502): CodeIgniter\CodeIgniter->runController(Object(App\Controllers\Books))
 8 SYSTEMPATH\CodeIgniter.php(361): CodeIgniter\CodeIgniter->handleRequest(null, Object(Config\Cache), false)
 9 FCPATH\index.php(79): CodeIgniter\CodeIgniter->run()
10 SYSTEMPATH\Commands\Server\rewrite.php(47): require_once('C:\\Users\\user\\Semester-4\\Tugas 2\\ci4 news\\public\\index.php')
